# JRE version: Java(TM) SE Runtime Environment (21.0.5+9) (build 21.0.5+9-LTS-239)
# Java VM: Java HotSpot(TM) 64-Bit Server VM (21.0.5+9-LTS-239, mixed mode, sharing, tiered, compressed oops, compressed class ptrs, g1 gc, windows-amd64)
GC Precious Log:
 CardTable entry size: 512
 Card Set container configuration: InlinePtr #cards 5 size 8 Array Of Cards #cards 12 size 40 Howl #buckets 4 coarsen threshold 1843 Howl Bitmap #cards 512 size 80 coarsen threshold 460 Card regions per heap region 1 cards per card region 2048
 CPUs: 12 total, 12 available
 Memory: 7532M
 Large Page Support: Disabled
 NUMA Support: Disabled
 Compressed Oops: Enabled (32-bit)
 Heap Region Size: 1M
 Heap Min Capacity: 8M
 Heap Initial Capacity: 118M
 Heap Max Capacity: 1884M
 Pre-touch: Disabled
 Parallel Workers: 10
 Concurrent Workers: 3
 Concurrent Refinement Workers: 10
 Periodic GC: Disabled
Heap:
 garbage-first heap   total 331776K, used 195817K [0x000000008a400000, 0x0000000100000000)
  region size 1024K, 89 young (91136K), 5 survivors (5120K)
 Metaspace       used 102235K, committed 103104K, reserved 1179648K
  class space    used 13722K, committed 14144K, reserved 1048576K
GC Heap History (20 events):
Event: 21.563 GC heap before
{Heap before GC invocations=23 (full 0):
 garbage-first heap   total 106496K, used 90647K [0x000000008a400000, 0x0000000100000000)
  region size 1024K, 32 young (32768K), 2 survivors (2048K)
 Metaspace       used 82845K, committed 83456K, reserved 1179648K
  class space    used 11314K, committed 11584K, reserved 1048576K
}
Event: 21.568 GC heap after
{Heap after GC invocations=24 (full 0):
 garbage-first heap   total 128000K, used 63125K [0x000000008a400000, 0x0000000100000000)
  region size 1024K, 4 young (4096K), 4 survivors (4096K)
 Metaspace       used 82845K, committed 83456K, reserved 1179648K
  class space    used 11314K, committed 11584K, reserved 1048576K
}
Event: 24.976 GC heap before
{Heap before GC invocations=24 (full 0):
 garbage-first heap   total 128000K, used 107157K [0x000000008a400000, 0x0000000100000000)
  region size 1024K, 48 young (49152K), 4 survivors (4096K)
 Metaspace       used 89909K, committed 90688K, reserved 1179648K
  class space    used 12147K, committed 12480K, reserved 1048576K
}
Event: 24.986 GC heap after
{Heap after GC invocations=25 (full 0):
 garbage-first heap   total 128000K, used 68267K [0x000000008a400000, 0x0000000100000000)
  region size 1024K, 6 young (6144K), 6 survivors (6144K)
 Metaspace       used 89909K, committed 90688K, reserved 1179648K
  class space    used 12147K, committed 12480K, reserved 1048576K
}
Event: 28.097 GC heap before
{Heap before GC invocations=26 (full 0):
 garbage-first heap   total 128000K, used 110251K [0x000000008a400000, 0x0000000100000000)
  region size 1024K, 47 young (48128K), 6 survivors (6144K)
 Metaspace       used 94912K, committed 95680K, reserved 1179648K
  class space    used 12723K, committed 13056K, reserved 1048576K
}
Event: 28.106 GC heap after
{Heap after GC invocations=27 (full 0):
 garbage-first heap   total 128000K, used 71935K [0x000000008a400000, 0x0000000100000000)
  region size 1024K, 4 young (4096K), 4 survivors (4096K)
 Metaspace       used 94912K, committed 95680K, reserved 1179648K
  class space    used 12723K, committed 13056K, reserved 1048576K
}
Event: 31.531 GC heap before
{Heap before GC invocations=27 (full 0):
 garbage-first heap   total 128000K, used 111871K [0x000000008a400000, 0x0000000100000000)
  region size 1024K, 43 young (44032K), 4 survivors (4096K)
 Metaspace       used 98862K, committed 99648K, reserved 1179648K
  class space    used 13223K, committed 13568K, reserved 1048576K
}
Event: 31.537 GC heap after
{Heap after GC invocations=28 (full 0):
 garbage-first heap   total 128000K, used 73490K [0x000000008a400000, 0x0000000100000000)
  region size 1024K, 6 young (6144K), 6 survivors (6144K)
 Metaspace       used 98862K, committed 99648K, reserved 1179648K
  class space    used 13223K, committed 13568K, reserved 1048576K
}
Event: 31.836 GC heap before
{Heap before GC invocations=28 (full 0):
 garbage-first heap   total 128000K, used 113426K [0x000000008a400000, 0x0000000100000000)
  region size 1024K, 45 young (46080K), 6 survivors (6144K)
 Metaspace       used 98969K, committed 99712K, reserved 1179648K
  class space    used 13226K, committed 13568K, reserved 1048576K
}
Event: 31.853 GC heap after
{Heap after GC invocations=29 (full 0):
 garbage-first heap   total 134144K, used 87282K [0x000000008a400000, 0x0000000100000000)
  region size 1024K, 6 young (6144K), 6 survivors (6144K)
 Metaspace       used 98969K, committed 99712K, reserved 1179648K
  class space    used 13226K, committed 13568K, reserved 1048576K
}
Event: 32.128 GC heap before
{Heap before GC invocations=30 (full 0):
 garbage-first heap   total 143360K, used 106738K [0x000000008a400000, 0x0000000100000000)
  region size 1024K, 34 young (34816K), 6 survivors (6144K)
 Metaspace       used 98977K, committed 99712K, reserved 1179648K
  class space    used 13226K, committed 13568K, reserved 1048576K
}
Event: 32.137 GC heap after
{Heap after GC invocations=31 (full 0):
 garbage-first heap   total 143360K, used 83968K [0x000000008a400000, 0x0000000100000000)
  region size 1024K, 5 young (5120K), 5 survivors (5120K)
 Metaspace       used 98977K, committed 99712K, reserved 1179648K
  class space    used 13226K, committed 13568K, reserved 1048576K
}
Event: 32.262 GC heap before
{Heap before GC invocations=31 (full 0):
 garbage-first heap   total 143360K, used 121856K [0x000000008a400000, 0x0000000100000000)
  region size 1024K, 42 young (43008K), 5 survivors (5120K)
 Metaspace       used 98993K, committed 99712K, reserved 1179648K
  class space    used 13228K, committed 13568K, reserved 1048576K
}
Event: 32.270 GC heap after
{Heap after GC invocations=32 (full 0):
 garbage-first heap   total 143360K, used 86585K [0x000000008a400000, 0x0000000100000000)
  region size 1024K, 6 young (6144K), 6 survivors (6144K)
 Metaspace       used 98993K, committed 99712K, reserved 1179648K
  class space    used 13228K, committed 13568K, reserved 1048576K
}
Event: 32.379 GC heap before
{Heap before GC invocations=32 (full 0):
 garbage-first heap   total 143360K, used 122425K [0x000000008a400000, 0x0000000100000000)
  region size 1024K, 41 young (41984K), 6 survivors (6144K)
 Metaspace       used 98993K, committed 99712K, reserved 1179648K
  class space    used 13228K, committed 13568K, reserved 1048576K
}
Event: 32.394 GC heap after
{Heap after GC invocations=33 (full 0):
 garbage-first heap   total 144384K, used 101795K [0x000000008a400000, 0x0000000100000000)
  region size 1024K, 6 young (6144K), 6 survivors (6144K)
 Metaspace       used 98993K, committed 99712K, reserved 1179648K
  class space    used 13228K, committed 13568K, reserved 1048576K
}
Event: 32.550 GC heap before
{Heap before GC invocations=34 (full 0):
 garbage-first heap   total 165888K, used 117155K [0x000000008a400000, 0x0000000100000000)
  region size 1024K, 29 young (29696K), 6 survivors (6144K)
 Metaspace       used 98979K, committed 99712K, reserved 1179648K
  class space    used 13226K, committed 13568K, reserved 1048576K
}
Event: 32.562 GC heap after
{Heap after GC invocations=35 (full 0):
 garbage-first heap   total 165888K, used 104416K [0x000000008a400000, 0x0000000100000000)
  region size 1024K, 4 young (4096K), 4 survivors (4096K)
 Metaspace       used 98979K, committed 99712K, reserved 1179648K
  class space    used 13226K, committed 13568K, reserved 1048576K
}
Event: 32.645 GC heap before
{Heap before GC invocations=35 (full 0):
 garbage-first heap   total 165888K, used 139232K [0x000000008a400000, 0x0000000100000000)
  region size 1024K, 36 young (36864K), 4 survivors (4096K)
 Metaspace       used 98979K, committed 99712K, reserved 1179648K
  class space    used 13226K, committed 13568K, reserved 1048576K
}
Event: 32.660 GC heap after
{Heap after GC invocations=36 (full 0):
 garbage-first heap   total 331776K, used 110825K [0x000000008a400000, 0x0000000100000000)
  region size 1024K, 5 young (5120K), 5 survivors (5120K)
 Metaspace       used 98979K, committed 99712K, reserved 1179648K
  class space    used 13226K, committed 13568K, reserved 1048576K
}

