# JRE version: Java(TM) SE Runtime Environment (21.0.5+9) (build 21.0.5+9-LTS-239)
# Java VM: Java HotSpot(TM) 64-Bit Server VM (21.0.5+9-LTS-239, mixed mode, sharing, tiered, compressed oops, compressed class ptrs, g1 gc, windows-amd64)
GC Precious Log:
 CardTable entry size: 512
 Card Set container configuration: InlinePtr #cards 5 size 8 Array Of Cards #cards 12 size 40 Howl #buckets 4 coarsen threshold 1843 Howl Bitmap #cards 512 size 80 coarsen threshold 460 Card regions per heap region 1 cards per card region 2048
 CPUs: 12 total, 12 available
 Memory: 7532M
 Large Page Support: Disabled
 NUMA Support: Disabled
 Compressed Oops: Enabled (32-bit)
 Heap Region Size: 1M
 Heap Min Capacity: 8M
 Heap Initial Capacity: 118M
 Heap Max Capacity: 1884M
 Pre-touch: Disabled
 Parallel Workers: 10
 Concurrent Workers: 3
 Concurrent Refinement Workers: 10
 Periodic GC: Disabled
Heap:
 garbage-first heap   total 112640K, used 32948K [0x000000008a400000, 0x0000000100000000)
  region size 1024K, 7 young (7168K), 6 survivors (6144K)
 Metaspace       used 44117K, committed 44672K, reserved 1114112K
  class space    used 5569K, committed 5824K, reserved 1048576K
GC Heap History (16 events):
Event: 0.750 GC heap before
{Heap before GC invocations=0 (full 0):
 garbage-first heap   total 120832K, used 25600K [0x000000008a400000, 0x0000000100000000)
  region size 1024K, 23 young (23552K), 0 survivors (0K)
 Metaspace       used 4621K, committed 4864K, reserved 1114112K
  class space    used 504K, committed 640K, reserved 1048576K
}
Event: 0.758 GC heap after
{Heap after GC invocations=1 (full 0):
 garbage-first heap   total 120832K, used 13088K [0x000000008a400000, 0x0000000100000000)
  region size 1024K, 3 young (3072K), 3 survivors (3072K)
 Metaspace       used 4621K, committed 4864K, reserved 1114112K
  class space    used 504K, committed 640K, reserved 1048576K
}
Event: 1.593 GC heap before
{Heap before GC invocations=1 (full 0):
 garbage-first heap   total 120832K, used 35616K [0x000000008a400000, 0x0000000100000000)
  region size 1024K, 25 young (25600K), 3 survivors (3072K)
 Metaspace       used 9780K, committed 10048K, reserved 1114112K
  class space    used 1200K, committed 1344K, reserved 1048576K
}
Event: 1.598 GC heap after
{Heap after GC invocations=2 (full 0):
 garbage-first heap   total 120832K, used 15598K [0x000000008a400000, 0x0000000100000000)
  region size 1024K, 2 young (2048K), 2 survivors (2048K)
 Metaspace       used 9780K, committed 10048K, reserved 1114112K
  class space    used 1200K, committed 1344K, reserved 1048576K
}
Event: 2.210 GC heap before
{Heap before GC invocations=2 (full 0):
 garbage-first heap   total 120832K, used 60654K [0x000000008a400000, 0x0000000100000000)
  region size 1024K, 47 young (48128K), 2 survivors (2048K)
 Metaspace       used 19462K, committed 19840K, reserved 1114112K
  class space    used 2442K, committed 2624K, reserved 1048576K
}
Event: 2.217 GC heap after
{Heap after GC invocations=3 (full 0):
 garbage-first heap   total 120832K, used 19211K [0x000000008a400000, 0x0000000100000000)
  region size 1024K, 6 young (6144K), 6 survivors (6144K)
 Metaspace       used 19462K, committed 19840K, reserved 1114112K
  class space    used 2442K, committed 2624K, reserved 1048576K
}
Event: 2.371 GC heap before
{Heap before GC invocations=3 (full 0):
 garbage-first heap   total 120832K, used 31499K [0x000000008a400000, 0x0000000100000000)
  region size 1024K, 19 young (19456K), 6 survivors (6144K)
 Metaspace       used 21234K, committed 21504K, reserved 1114112K
  class space    used 2671K, committed 2816K, reserved 1048576K
}
Event: 2.376 GC heap after
{Heap after GC invocations=4 (full 0):
 garbage-first heap   total 120832K, used 20812K [0x000000008a400000, 0x0000000100000000)
  region size 1024K, 6 young (6144K), 6 survivors (6144K)
 Metaspace       used 21234K, committed 21504K, reserved 1114112K
  class space    used 2671K, committed 2816K, reserved 1048576K
}
Event: 4.004 GC heap before
{Heap before GC invocations=5 (full 0):
 garbage-first heap   total 81920K, used 79180K [0x000000008a400000, 0x0000000100000000)
  region size 1024K, 64 young (65536K), 6 survivors (6144K)
 Metaspace       used 28846K, committed 29184K, reserved 1114112K
  class space    used 3618K, committed 3776K, reserved 1048576K
}
Event: 4.012 GC heap after
{Heap after GC invocations=6 (full 0):
 garbage-first heap   total 93184K, used 25971K [0x000000008a400000, 0x0000000100000000)
  region size 1024K, 7 young (7168K), 7 survivors (7168K)
 Metaspace       used 28846K, committed 29184K, reserved 1114112K
  class space    used 3618K, committed 3776K, reserved 1048576K
}
Event: 5.613 GC heap before
{Heap before GC invocations=6 (full 0):
 garbage-first heap   total 93184K, used 72051K [0x000000008a400000, 0x0000000100000000)
  region size 1024K, 52 young (53248K), 7 survivors (7168K)
 Metaspace       used 33113K, committed 33536K, reserved 1114112K
  class space    used 4156K, committed 4352K, reserved 1048576K
}
Event: 5.620 GC heap after
{Heap after GC invocations=7 (full 0):
 garbage-first heap   total 93184K, used 27967K [0x000000008a400000, 0x0000000100000000)
  region size 1024K, 3 young (3072K), 3 survivors (3072K)
 Metaspace       used 33113K, committed 33536K, reserved 1114112K
  class space    used 4156K, committed 4352K, reserved 1048576K
}
Event: 6.099 GC heap before
{Heap before GC invocations=7 (full 0):
 garbage-first heap   total 93184K, used 41279K [0x000000008a400000, 0x0000000100000000)
  region size 1024K, 17 young (17408K), 3 survivors (3072K)
 Metaspace       used 35749K, committed 36160K, reserved 1114112K
  class space    used 4515K, committed 4736K, reserved 1048576K
}
Event: 6.104 GC heap after
{Heap after GC invocations=8 (full 0):
 garbage-first heap   total 93184K, used 29274K [0x000000008a400000, 0x0000000100000000)
  region size 1024K, 4 young (4096K), 4 survivors (4096K)
 Metaspace       used 35749K, committed 36160K, reserved 1114112K
  class space    used 4515K, committed 4736K, reserved 1048576K
}
Event: 8.412 GC heap before
{Heap before GC invocations=9 (full 0):
 garbage-first heap   total 93184K, used 76378K [0x000000008a400000, 0x0000000100000000)
  region size 1024K, 50 young (51200K), 4 survivors (4096K)
 Metaspace       used 43922K, committed 44480K, reserved 1114112K
  class space    used 5535K, committed 5760K, reserved 1048576K
}
Event: 8.421 GC heap after
{Heap after GC invocations=10 (full 0):
 garbage-first heap   total 112640K, used 32948K [0x000000008a400000, 0x0000000100000000)
  region size 1024K, 6 young (6144K), 6 survivors (6144K)
 Metaspace       used 43922K, committed 44480K, reserved 1114112K
  class space    used 5535K, committed 5760K, reserved 1048576K
}

