# JRE version: OpenJDK Runtime Environment Temurin-21.0.6+7 (21.0.6+7) (build 21.0.6+7-LTS)
# Java VM: OpenJDK 64-Bit Server VM Temurin-21.0.6+7 (21.0.6+7-LTS, mixed mode, sharing, tiered, compressed oops, compressed class ptrs, parallel gc, windows-amd64)
GC Precious Log:
 CardTable entry size: 512
 CPUs: 12 total, 12 available
 Memory: 7532M
 Large Page Support: Disabled
 NUMA Support: Disabled
 Compressed Oops: Enabled (32-bit)
 Alignments: Space 512K, Generation 512K, Heap 2M
 Heap Min Capacity: 100M
 Heap Initial Capacity: 100M
 Heap Max Capacity: 1G
 Pre-touch: Disabled
 Parallel Workers: 10
Heap:
 PSYoungGen      total 8192K, used 1336K [0x00000000eab00000, 0x00000000eb800000, 0x0000000100000000)
  eden space 7168K, 4% used [0x00000000eab00000,0x00000000eab4f2a8,0x00000000eb200000)
  from space 1024K, 99% used [0x00000000eb200000,0x00000000eb2feef8,0x00000000eb300000)
  to   space 3072K, 0% used [0x00000000eb500000,0x00000000eb500000,0x00000000eb800000)
 ParOldGen       total 389632K, used 389328K [0x00000000c0000000, 0x00000000d7c80000, 0x00000000eab00000)
  object space 389632K, 99% used [0x00000000c0000000,0x00000000d7c34060,0x00000000d7c80000)
 Metaspace       used 85626K, committed 87360K, reserved 1179648K
  class space    used 8365K, committed 9216K, reserved 1048576K
GC Heap History (20 events):
Event: 7406.491 GC heap before
{Heap before GC invocations=3276 (full 6):
 PSYoungGen      total 8192K, used 7203K [0x00000000eab00000, 0x00000000eb400000, 0x0000000100000000)
  eden space 7168K, 92% used [0x00000000eab00000,0x00000000eb178d78,0x00000000eb200000)
  from space 1024K, 56% used [0x00000000eb200000,0x00000000eb290000,0x00000000eb300000)
  to   space 1024K, 0% used [0x00000000eb300000,0x00000000eb300000,0x00000000eb400000)
 ParOldGen       total 385024K, used 384714K [0x00000000c0000000, 0x00000000d7800000, 0x00000000eab00000)
  object space 385024K, 99% used [0x00000000c0000000,0x00000000d77b2bb8,0x00000000d7800000)
 Metaspace       used 85355K, committed 87040K, reserved 1179648K
  class space    used 8343K, committed 9216K, reserved 1048576K
}
Event: 7406.493 GC heap after
{Heap after GC invocations=3276 (full 6):
 PSYoungGen      total 7680K, used 320K [0x00000000eab00000, 0x00000000eb380000, 0x0000000100000000)
  eden space 7168K, 0% used [0x00000000eab00000,0x00000000eab00000,0x00000000eb200000)
  from space 512K, 62% used [0x00000000eb300000,0x00000000eb350000,0x00000000eb380000)
  to   space 512K, 0% used [0x00000000eb280000,0x00000000eb280000,0x00000000eb300000)
 ParOldGen       total 385536K, used 385138K [0x00000000c0000000, 0x00000000d7880000, 0x00000000eab00000)
  object space 385536K, 99% used [0x00000000c0000000,0x00000000d781cbc8,0x00000000d7880000)
 Metaspace       used 85355K, committed 87040K, reserved 1179648K
  class space    used 8343K, committed 9216K, reserved 1048576K
}
Event: 7406.546 GC heap before
{Heap before GC invocations=3277 (full 6):
 PSYoungGen      total 7680K, used 7377K [0x00000000eab00000, 0x00000000eb380000, 0x0000000100000000)
  eden space 7168K, 98% used [0x00000000eab00000,0x00000000eb1e4588,0x00000000eb200000)
  from space 512K, 62% used [0x00000000eb300000,0x00000000eb350000,0x00000000eb380000)
  to   space 512K, 0% used [0x00000000eb280000,0x00000000eb280000,0x00000000eb300000)
 ParOldGen       total 385536K, used 385138K [0x00000000c0000000, 0x00000000d7880000, 0x00000000eab00000)
  object space 385536K, 99% used [0x00000000c0000000,0x00000000d781cbc8,0x00000000d7880000)
 Metaspace       used 85355K, committed 87040K, reserved 1179648K
  class space    used 8343K, committed 9216K, reserved 1048576K
}
Event: 7406.548 GC heap after
{Heap after GC invocations=3277 (full 6):
 PSYoungGen      total 7680K, used 256K [0x00000000eab00000, 0x00000000eb380000, 0x0000000100000000)
  eden space 7168K, 0% used [0x00000000eab00000,0x00000000eab00000,0x00000000eb200000)
  from space 512K, 50% used [0x00000000eb280000,0x00000000eb2c0000,0x00000000eb300000)
  to   space 512K, 0% used [0x00000000eb300000,0x00000000eb300000,0x00000000eb380000)
 ParOldGen       total 385536K, used 385266K [0x00000000c0000000, 0x00000000d7880000, 0x00000000eab00000)
  object space 385536K, 99% used [0x00000000c0000000,0x00000000d783cbc8,0x00000000d7880000)
 Metaspace       used 85355K, committed 87040K, reserved 1179648K
  class space    used 8343K, committed 9216K, reserved 1048576K
}
Event: 7406.613 GC heap before
{Heap before GC invocations=3278 (full 6):
 PSYoungGen      total 7680K, used 7424K [0x00000000eab00000, 0x00000000eb380000, 0x0000000100000000)
  eden space 7168K, 100% used [0x00000000eab00000,0x00000000eb200000,0x00000000eb200000)
  from space 512K, 50% used [0x00000000eb280000,0x00000000eb2c0000,0x00000000eb300000)
  to   space 512K, 0% used [0x00000000eb300000,0x00000000eb300000,0x00000000eb380000)
 ParOldGen       total 385536K, used 385266K [0x00000000c0000000, 0x00000000d7880000, 0x00000000eab00000)
  object space 385536K, 99% used [0x00000000c0000000,0x00000000d783cbc8,0x00000000d7880000)
 Metaspace       used 85355K, committed 87040K, reserved 1179648K
  class space    used 8343K, committed 9216K, reserved 1048576K
}
Event: 7406.615 GC heap after
{Heap after GC invocations=3278 (full 6):
 PSYoungGen      total 7680K, used 480K [0x00000000eab00000, 0x00000000eb400000, 0x0000000100000000)
  eden space 7168K, 0% used [0x00000000eab00000,0x00000000eab00000,0x00000000eb200000)
  from space 512K, 93% used [0x00000000eb300000,0x00000000eb378000,0x00000000eb380000)
  to   space 1024K, 0% used [0x00000000eb200000,0x00000000eb200000,0x00000000eb300000)
 ParOldGen       total 385536K, used 385426K [0x00000000c0000000, 0x00000000d7880000, 0x00000000eab00000)
  object space 385536K, 99% used [0x00000000c0000000,0x00000000d7864bc8,0x00000000d7880000)
 Metaspace       used 85355K, committed 87040K, reserved 1179648K
  class space    used 8343K, committed 9216K, reserved 1048576K
}
Event: 7406.658 GC heap before
{Heap before GC invocations=3279 (full 6):
 PSYoungGen      total 7680K, used 7604K [0x00000000eab00000, 0x00000000eb400000, 0x0000000100000000)
  eden space 7168K, 99% used [0x00000000eab00000,0x00000000eb1f50c8,0x00000000eb200000)
  from space 512K, 93% used [0x00000000eb300000,0x00000000eb378000,0x00000000eb380000)
  to   space 1024K, 0% used [0x00000000eb200000,0x00000000eb200000,0x00000000eb300000)
 ParOldGen       total 385536K, used 385426K [0x00000000c0000000, 0x00000000d7880000, 0x00000000eab00000)
  object space 385536K, 99% used [0x00000000c0000000,0x00000000d7864bc8,0x00000000d7880000)
 Metaspace       used 85355K, committed 87040K, reserved 1179648K
  class space    used 8343K, committed 9216K, reserved 1048576K
}
Event: 7406.660 GC heap after
{Heap after GC invocations=3279 (full 6):
 PSYoungGen      total 8192K, used 416K [0x00000000eab00000, 0x00000000eb380000, 0x0000000100000000)
  eden space 7168K, 0% used [0x00000000eab00000,0x00000000eab00000,0x00000000eb200000)
  from space 1024K, 40% used [0x00000000eb200000,0x00000000eb268000,0x00000000eb300000)
  to   space 512K, 0% used [0x00000000eb300000,0x00000000eb300000,0x00000000eb380000)
 ParOldGen       total 386048K, used 385738K [0x00000000c0000000, 0x00000000d7900000, 0x00000000eab00000)
  object space 386048K, 99% used [0x00000000c0000000,0x00000000d78b2bc8,0x00000000d7900000)
 Metaspace       used 85355K, committed 87040K, reserved 1179648K
  class space    used 8343K, committed 9216K, reserved 1048576K
}
Event: 7406.709 GC heap before
{Heap before GC invocations=3280 (full 6):
 PSYoungGen      total 8192K, used 7573K [0x00000000eab00000, 0x00000000eb380000, 0x0000000100000000)
  eden space 7168K, 99% used [0x00000000eab00000,0x00000000eb1fd518,0x00000000eb200000)
  from space 1024K, 40% used [0x00000000eb200000,0x00000000eb268000,0x00000000eb300000)
  to   space 512K, 0% used [0x00000000eb300000,0x00000000eb300000,0x00000000eb380000)
 ParOldGen       total 386048K, used 385738K [0x00000000c0000000, 0x00000000d7900000, 0x00000000eab00000)
  object space 386048K, 99% used [0x00000000c0000000,0x00000000d78b2bc8,0x00000000d7900000)
 Metaspace       used 85355K, committed 87040K, reserved 1179648K
  class space    used 8343K, committed 9216K, reserved 1048576K
}
Event: 7406.711 GC heap after
{Heap after GC invocations=3280 (full 6):
 PSYoungGen      total 7680K, used 512K [0x00000000eab00000, 0x00000000eb400000, 0x0000000100000000)
  eden space 7168K, 0% used [0x00000000eab00000,0x00000000eab00000,0x00000000eb200000)
  from space 512K, 100% used [0x00000000eb300000,0x00000000eb380000,0x00000000eb380000)
  to   space 1024K, 0% used [0x00000000eb200000,0x00000000eb200000,0x00000000eb300000)
 ParOldGen       total 386048K, used 386026K [0x00000000c0000000, 0x00000000d7900000, 0x00000000eab00000)
  object space 386048K, 99% used [0x00000000c0000000,0x00000000d78fabc8,0x00000000d7900000)
 Metaspace       used 85355K, committed 87040K, reserved 1179648K
  class space    used 8343K, committed 9216K, reserved 1048576K
}
Event: 7406.791 GC heap before
{Heap before GC invocations=3281 (full 6):
 PSYoungGen      total 7680K, used 7680K [0x00000000eab00000, 0x00000000eb400000, 0x0000000100000000)
  eden space 7168K, 100% used [0x00000000eab00000,0x00000000eb200000,0x00000000eb200000)
  from space 512K, 100% used [0x00000000eb300000,0x00000000eb380000,0x00000000eb380000)
  to   space 1024K, 0% used [0x00000000eb200000,0x00000000eb200000,0x00000000eb300000)
 ParOldGen       total 386048K, used 386026K [0x00000000c0000000, 0x00000000d7900000, 0x00000000eab00000)
  object space 386048K, 99% used [0x00000000c0000000,0x00000000d78fabc8,0x00000000d7900000)
 Metaspace       used 85357K, committed 87040K, reserved 1179648K
  class space    used 8343K, committed 9216K, reserved 1048576K
}
Event: 7406.794 GC heap after
{Heap after GC invocations=3281 (full 6):
 PSYoungGen      total 8192K, used 469K [0x00000000eab00000, 0x00000000eb400000, 0x0000000100000000)
  eden space 7168K, 0% used [0x00000000eab00000,0x00000000eab00000,0x00000000eb200000)
  from space 1024K, 45% used [0x00000000eb200000,0x00000000eb275400,0x00000000eb300000)
  to   space 1024K, 0% used [0x00000000eb300000,0x00000000eb300000,0x00000000eb400000)
 ParOldGen       total 386560K, used 386434K [0x00000000c0000000, 0x00000000d7980000, 0x00000000eab00000)
  object space 386560K, 99% used [0x00000000c0000000,0x00000000d7960bc8,0x00000000d7980000)
 Metaspace       used 85357K, committed 87040K, reserved 1179648K
  class space    used 8343K, committed 9216K, reserved 1048576K
}
Event: 7406.894 GC heap before
{Heap before GC invocations=3282 (full 6):
 PSYoungGen      total 8192K, used 7637K [0x00000000eab00000, 0x00000000eb400000, 0x0000000100000000)
  eden space 7168K, 100% used [0x00000000eab00000,0x00000000eb200000,0x00000000eb200000)
  from space 1024K, 45% used [0x00000000eb200000,0x00000000eb275400,0x00000000eb300000)
  to   space 1024K, 0% used [0x00000000eb300000,0x00000000eb300000,0x00000000eb400000)
 ParOldGen       total 386560K, used 386434K [0x00000000c0000000, 0x00000000d7980000, 0x00000000eab00000)
  object space 386560K, 99% used [0x00000000c0000000,0x00000000d7960bc8,0x00000000d7980000)
 Metaspace       used 85358K, committed 87040K, reserved 1179648K
  class space    used 8343K, committed 9216K, reserved 1048576K
}
Event: 7406.896 GC heap after
{Heap after GC invocations=3282 (full 6):
 PSYoungGen      total 8192K, used 512K [0x00000000eab00000, 0x00000000eb400000, 0x0000000100000000)
  eden space 7168K, 0% used [0x00000000eab00000,0x00000000eab00000,0x00000000eb200000)
  from space 1024K, 50% used [0x00000000eb300000,0x00000000eb380000,0x00000000eb400000)
  to   space 1024K, 0% used [0x00000000eb200000,0x00000000eb200000,0x00000000eb300000)
 ParOldGen       total 387072K, used 386708K [0x00000000c0000000, 0x00000000d7a00000, 0x00000000eab00000)
  object space 387072K, 99% used [0x00000000c0000000,0x00000000d79a53c8,0x00000000d7a00000)
 Metaspace       used 85358K, committed 87040K, reserved 1179648K
  class space    used 8343K, committed 9216K, reserved 1048576K
}
Event: 7406.963 GC heap before
{Heap before GC invocations=3283 (full 6):
 PSYoungGen      total 8192K, used 7680K [0x00000000eab00000, 0x00000000eb400000, 0x0000000100000000)
  eden space 7168K, 100% used [0x00000000eab00000,0x00000000eb200000,0x00000000eb200000)
  from space 1024K, 50% used [0x00000000eb300000,0x00000000eb380000,0x00000000eb400000)
  to   space 1024K, 0% used [0x00000000eb200000,0x00000000eb200000,0x00000000eb300000)
 ParOldGen       total 387072K, used 386708K [0x00000000c0000000, 0x00000000d7a00000, 0x00000000eab00000)
  object space 387072K, 99% used [0x00000000c0000000,0x00000000d79a53c8,0x00000000d7a00000)
 Metaspace       used 85377K, committed 87104K, reserved 1179648K
  class space    used 8344K, committed 9216K, reserved 1048576K
}
Event: 7406.966 GC heap after
{Heap after GC invocations=3283 (full 6):
 PSYoungGen      total 8192K, used 777K [0x00000000eab00000, 0x00000000eb400000, 0x0000000100000000)
  eden space 7168K, 0% used [0x00000000eab00000,0x00000000eab00000,0x00000000eb200000)
  from space 1024K, 75% used [0x00000000eb200000,0x00000000eb2c2400,0x00000000eb300000)
  to   space 1024K, 0% used [0x00000000eb300000,0x00000000eb300000,0x00000000eb400000)
 ParOldGen       total 387072K, used 387044K [0x00000000c0000000, 0x00000000d7a00000, 0x00000000eab00000)
  object space 387072K, 99% used [0x00000000c0000000,0x00000000d79f93c8,0x00000000d7a00000)
 Metaspace       used 85377K, committed 87104K, reserved 1179648K
  class space    used 8344K, committed 9216K, reserved 1048576K
}
Event: 7407.011 GC heap before
{Heap before GC invocations=3284 (full 6):
 PSYoungGen      total 8192K, used 7945K [0x00000000eab00000, 0x00000000eb400000, 0x0000000100000000)
  eden space 7168K, 100% used [0x00000000eab00000,0x00000000eb200000,0x00000000eb200000)
  from space 1024K, 75% used [0x00000000eb200000,0x00000000eb2c2400,0x00000000eb300000)
  to   space 1024K, 0% used [0x00000000eb300000,0x00000000eb300000,0x00000000eb400000)
 ParOldGen       total 387072K, used 387044K [0x00000000c0000000, 0x00000000d7a00000, 0x00000000eab00000)
  object space 387072K, 99% used [0x00000000c0000000,0x00000000d79f93c8,0x00000000d7a00000)
 Metaspace       used 85379K, committed 87104K, reserved 1179648K
  class space    used 8344K, committed 9216K, reserved 1048576K
}
Event: 7407.013 GC heap after
{Heap after GC invocations=3284 (full 6):
 PSYoungGen      total 8192K, used 832K [0x00000000eab00000, 0x00000000eb400000, 0x0000000100000000)
  eden space 7168K, 0% used [0x00000000eab00000,0x00000000eab00000,0x00000000eb200000)
  from space 1024K, 81% used [0x00000000eb300000,0x00000000eb3d0000,0x00000000eb400000)
  to   space 1024K, 0% used [0x00000000eb200000,0x00000000eb200000,0x00000000eb300000)
 ParOldGen       total 388096K, used 387650K [0x00000000c0000000, 0x00000000d7b00000, 0x00000000eab00000)
  object space 388096K, 99% used [0x00000000c0000000,0x00000000d7a90a78,0x00000000d7b00000)
 Metaspace       used 85379K, committed 87104K, reserved 1179648K
  class space    used 8344K, committed 9216K, reserved 1048576K
}
Event: 7407.402 GC heap before
{Heap before GC invocations=3285 (full 6):
 PSYoungGen      total 8192K, used 8000K [0x00000000eab00000, 0x00000000eb400000, 0x0000000100000000)
  eden space 7168K, 100% used [0x00000000eab00000,0x00000000eb200000,0x00000000eb200000)
  from space 1024K, 81% used [0x00000000eb300000,0x00000000eb3d0000,0x00000000eb400000)
  to   space 1024K, 0% used [0x00000000eb200000,0x00000000eb200000,0x00000000eb300000)
 ParOldGen       total 388096K, used 387650K [0x00000000c0000000, 0x00000000d7b00000, 0x00000000eab00000)
  object space 388096K, 99% used [0x00000000c0000000,0x00000000d7a90a78,0x00000000d7b00000)
 Metaspace       used 85591K, committed 87360K, reserved 1179648K
  class space    used 8363K, committed 9216K, reserved 1048576K
}
Event: 7407.413 GC heap after
{Heap after GC invocations=3285 (full 6):
 PSYoungGen      total 8192K, used 1019K [0x00000000eab00000, 0x00000000eb800000, 0x0000000100000000)
  eden space 7168K, 0% used [0x00000000eab00000,0x00000000eab00000,0x00000000eb200000)
  from space 1024K, 99% used [0x00000000eb200000,0x00000000eb2feef8,0x00000000eb300000)
  to   space 3072K, 0% used [0x00000000eb500000,0x00000000eb500000,0x00000000eb800000)
 ParOldGen       total 389632K, used 389328K [0x00000000c0000000, 0x00000000d7c80000, 0x00000000eab00000)
  object space 389632K, 99% used [0x00000000c0000000,0x00000000d7c34060,0x00000000d7c80000)
 Metaspace       used 85591K, committed 87360K, reserved 1179648K
  class space    used 8363K, committed 9216K, reserved 1048576K
}

