# JRE version: Java(TM) SE Runtime Environment (21.0.5+9) (build 21.0.5+9-LTS-239)
# Java VM: Java HotSpot(TM) 64-Bit Server VM (21.0.5+9-LTS-239, mixed mode, sharing, tiered, compressed oops, compressed class ptrs, g1 gc, windows-amd64)
GC Precious Log:
 CardTable entry size: 512
 Card Set container configuration: InlinePtr #cards 5 size 8 Array Of Cards #cards 12 size 40 Howl #buckets 4 coarsen threshold 1843 Howl Bitmap #cards 512 size 80 coarsen threshold 460 Card regions per heap region 1 cards per card region 2048
 CPUs: 12 total, 12 available
 Memory: 7532M
 Large Page Support: Disabled
 NUMA Support: Disabled
 Compressed Oops: Enabled (32-bit)
 Heap Region Size: 1M
 Heap Min Capacity: 8M
 Heap Initial Capacity: 118M
 Heap Max Capacity: 1884M
 Pre-touch: Disabled
 Parallel Workers: 10
 Concurrent Workers: 3
 Concurrent Refinement Workers: 10
 Periodic GC: Disabled
Heap:
 garbage-first heap   total 270336K, used 146792K [0x000000008a400000, 0x0000000100000000)
  region size 1024K, 6 young (6144K), 6 survivors (6144K)
 Metaspace       used 77739K, committed 78528K, reserved 1179648K
  class space    used 10636K, committed 11008K, reserved 1048576K
GC Heap History (20 events):
Event: 10.482 GC heap after
{Heap after GC invocations=17 (full 0):
 garbage-first heap   total 99328K, used 53248K [0x000000008a400000, 0x0000000100000000)
  region size 1024K, 6 young (6144K), 6 survivors (6144K)
 Metaspace       used 75828K, committed 76608K, reserved 1179648K
  class space    used 10339K, committed 10688K, reserved 1048576K
}
Event: 10.598 GC heap before
{Heap before GC invocations=18 (full 0):
 garbage-first heap   total 99328K, used 87040K [0x000000008a400000, 0x0000000100000000)
  region size 1024K, 39 young (39936K), 6 survivors (6144K)
 Metaspace       used 75828K, committed 76608K, reserved 1179648K
  class space    used 10339K, committed 10688K, reserved 1048576K
}
Event: 10.605 GC heap after
{Heap after GC invocations=19 (full 0):
 garbage-first heap   total 100352K, used 60315K [0x000000008a400000, 0x0000000100000000)
  region size 1024K, 5 young (5120K), 5 survivors (5120K)
 Metaspace       used 75828K, committed 76608K, reserved 1179648K
  class space    used 10339K, committed 10688K, reserved 1048576K
}
Event: 10.647 GC heap before
{Heap before GC invocations=19 (full 0):
 garbage-first heap   total 100352K, used 86939K [0x000000008a400000, 0x0000000100000000)
  region size 1024K, 31 young (31744K), 5 survivors (5120K)
 Metaspace       used 75828K, committed 76608K, reserved 1179648K
  class space    used 10339K, committed 10688K, reserved 1048576K
}
Event: 10.657 GC heap after
{Heap after GC invocations=20 (full 0):
 garbage-first heap   total 101376K, used 67540K [0x000000008a400000, 0x0000000100000000)
  region size 1024K, 4 young (4096K), 4 survivors (4096K)
 Metaspace       used 75828K, committed 76608K, reserved 1179648K
  class space    used 10339K, committed 10688K, reserved 1048576K
}
Event: 10.685 GC heap before
{Heap before GC invocations=20 (full 0):
 garbage-first heap   total 101376K, used 89044K [0x000000008a400000, 0x0000000100000000)
  region size 1024K, 25 young (25600K), 4 survivors (4096K)
 Metaspace       used 75828K, committed 76608K, reserved 1179648K
  class space    used 10339K, committed 10688K, reserved 1048576K
}
Event: 10.694 GC heap after
{Heap after GC invocations=21 (full 0):
 garbage-first heap   total 102400K, used 76800K [0x000000008a400000, 0x0000000100000000)
  region size 1024K, 4 young (4096K), 4 survivors (4096K)
 Metaspace       used 75828K, committed 76608K, reserved 1179648K
  class space    used 10339K, committed 10688K, reserved 1048576K
}
Event: 10.724 GC heap before
{Heap before GC invocations=21 (full 0):
 garbage-first heap   total 102400K, used 91136K [0x000000008a400000, 0x0000000100000000)
  region size 1024K, 18 young (18432K), 4 survivors (4096K)
 Metaspace       used 75828K, committed 76608K, reserved 1179648K
  class space    used 10339K, committed 10688K, reserved 1048576K
}
Event: 10.731 GC heap after
{Heap after GC invocations=22 (full 0):
 garbage-first heap   total 215040K, used 82202K [0x000000008a400000, 0x0000000100000000)
  region size 1024K, 3 young (3072K), 3 survivors (3072K)
 Metaspace       used 75828K, committed 76608K, reserved 1179648K
  class space    used 10339K, committed 10688K, reserved 1048576K
}
Event: 10.987 GC heap before
{Heap before GC invocations=23 (full 0):
 garbage-first heap   total 215040K, used 156954K [0x000000008a400000, 0x0000000100000000)
  region size 1024K, 78 young (79872K), 3 survivors (3072K)
 Metaspace       used 77705K, committed 78400K, reserved 1179648K
  class space    used 10634K, committed 10944K, reserved 1048576K
}
Event: 11.008 GC heap after
{Heap after GC invocations=24 (full 0):
 garbage-first heap   total 215040K, used 107321K [0x000000008a400000, 0x0000000100000000)
  region size 1024K, 10 young (10240K), 10 survivors (10240K)
 Metaspace       used 77705K, committed 78400K, reserved 1179648K
  class space    used 10634K, committed 10944K, reserved 1048576K
}
Event: 11.093 GC heap before
{Heap before GC invocations=24 (full 0):
 garbage-first heap   total 215040K, used 168761K [0x000000008a400000, 0x0000000100000000)
  region size 1024K, 68 young (69632K), 10 survivors (10240K)
 Metaspace       used 77710K, committed 78400K, reserved 1179648K
  class space    used 10634K, committed 10944K, reserved 1048576K
}
Event: 11.116 GC heap after
{Heap after GC invocations=25 (full 0):
 garbage-first heap   total 215040K, used 125943K [0x000000008a400000, 0x0000000100000000)
  region size 1024K, 9 young (9216K), 9 survivors (9216K)
 Metaspace       used 77710K, committed 78400K, reserved 1179648K
  class space    used 10634K, committed 10944K, reserved 1048576K
}
Event: 11.165 GC heap before
{Heap before GC invocations=25 (full 0):
 garbage-first heap   total 215040K, used 174071K [0x000000008a400000, 0x0000000100000000)
  region size 1024K, 56 young (57344K), 9 survivors (9216K)
 Metaspace       used 77728K, committed 78464K, reserved 1179648K
  class space    used 10634K, committed 10944K, reserved 1048576K
}
Event: 11.179 GC heap after
{Heap after GC invocations=26 (full 0):
 garbage-first heap   total 215040K, used 138752K [0x000000008a400000, 0x0000000100000000)
  region size 1024K, 7 young (7168K), 7 survivors (7168K)
 Metaspace       used 77728K, committed 78464K, reserved 1179648K
  class space    used 10634K, committed 10944K, reserved 1048576K
}
Event: 11.276 GC heap before
{Heap before GC invocations=27 (full 0):
 garbage-first heap   total 270336K, used 173568K [0x000000008a400000, 0x0000000100000000)
  region size 1024K, 48 young (49152K), 7 survivors (7168K)
 Metaspace       used 77736K, committed 78464K, reserved 1179648K
  class space    used 10634K, committed 10944K, reserved 1048576K
}
Event: 11.286 GC heap after
{Heap after GC invocations=28 (full 0):
 garbage-first heap   total 270336K, used 140769K [0x000000008a400000, 0x0000000100000000)
  region size 1024K, 6 young (6144K), 6 survivors (6144K)
 Metaspace       used 77736K, committed 78464K, reserved 1179648K
  class space    used 10634K, committed 10944K, reserved 1048576K
}
Event: 11.395 GC heap before
{Heap before GC invocations=28 (full 0):
 garbage-first heap   total 270336K, used 211425K [0x000000008a400000, 0x0000000100000000)
  region size 1024K, 75 young (76800K), 6 survivors (6144K)
 Metaspace       used 77739K, committed 78528K, reserved 1179648K
  class space    used 10636K, committed 11008K, reserved 1048576K
}
Event: 11.408 GC heap after
{Heap after GC invocations=29 (full 0):
 garbage-first heap   total 270336K, used 140626K [0x000000008a400000, 0x0000000100000000)
  region size 1024K, 10 young (10240K), 10 survivors (10240K)
 Metaspace       used 77739K, committed 78528K, reserved 1179648K
  class space    used 10636K, committed 11008K, reserved 1048576K
}
Event: 11.427 GC heap before
{Heap before GC invocations=29 (full 0):
 garbage-first heap   total 270336K, used 150866K [0x000000008a400000, 0x0000000100000000)
  region size 1024K, 21 young (21504K), 10 survivors (10240K)
 Metaspace       used 77739K, committed 78528K, reserved 1179648K
  class space    used 10636K, committed 11008K, reserved 1048576K
}

