# JRE version: Java(TM) SE Runtime Environment (21.0.5+9) (build 21.0.5+9-LTS-239)
# Java VM: Java HotSpot(TM) 64-Bit Server VM (21.0.5+9-LTS-239, mixed mode, sharing, tiered, compressed oops, compressed class ptrs, g1 gc, windows-amd64)
GC Precious Log:
 CardTable entry size: 512
 Card Set container configuration: InlinePtr #cards 5 size 8 Array Of Cards #cards 12 size 40 Howl #buckets 4 coarsen threshold 1843 Howl Bitmap #cards 512 size 80 coarsen threshold 460 Card regions per heap region 1 cards per card region 2048
 CPUs: 12 total, 12 available
 Memory: 7532M
 Large Page Support: Disabled
 NUMA Support: Disabled
 Compressed Oops: Enabled (32-bit)
 Heap Region Size: 1M
 Heap Min Capacity: 8M
 Heap Initial Capacity: 118M
 Heap Max Capacity: 1884M
 Pre-touch: Disabled
 Parallel Workers: 10
 Concurrent Workers: 3
 Concurrent Refinement Workers: 10
 Periodic GC: Disabled
Heap:
 garbage-first heap   total 368640K, used 97842K [0x000000008a400000, 0x0000000100000000)
  region size 1024K, 11 young (11264K), 11 survivors (11264K)
 Metaspace       used 141292K, committed 142656K, reserved 1179648K
  class space    used 18408K, committed 19072K, reserved 1048576K
GC Heap History (20 events):
Event: 15.264 GC heap after
{Heap after GC invocations=30 (full 0):
 garbage-first heap   total 655360K, used 227701K [0x000000008a400000, 0x0000000100000000)
  region size 1024K, 26 young (26624K), 26 survivors (26624K)
 Metaspace       used 77730K, committed 78464K, reserved 1179648K
  class space    used 10591K, committed 10944K, reserved 1048576K
}
Event: 16.270 GC heap before
{Heap before GC invocations=31 (full 0):
 garbage-first heap   total 655360K, used 429429K [0x000000008a400000, 0x0000000100000000)
  region size 1024K, 245 young (250880K), 26 survivors (26624K)
 Metaspace       used 77927K, committed 78656K, reserved 1179648K
  class space    used 10657K, committed 11008K, reserved 1048576K
}
Event: 16.353 GC heap after
{Heap after GC invocations=32 (full 0):
 garbage-first heap   total 655360K, used 224034K [0x000000008a400000, 0x0000000100000000)
  region size 1024K, 31 young (31744K), 31 survivors (31744K)
 Metaspace       used 77927K, committed 78656K, reserved 1179648K
  class space    used 10657K, committed 11008K, reserved 1048576K
}
Event: 23.549 GC heap before
{Heap before GC invocations=32 (full 0):
 garbage-first heap   total 655360K, used 458530K [0x000000008a400000, 0x0000000100000000)
  region size 1024K, 261 young (267264K), 31 survivors (31744K)
 Metaspace       used 103957K, committed 104768K, reserved 1179648K
  class space    used 13760K, committed 14144K, reserved 1048576K
}
Event: 23.625 GC heap after
{Heap after GC invocations=33 (full 0):
 garbage-first heap   total 655360K, used 229888K [0x000000008a400000, 0x0000000100000000)
  region size 1024K, 20 young (20480K), 20 survivors (20480K)
 Metaspace       used 103957K, committed 104768K, reserved 1179648K
  class space    used 13760K, committed 14144K, reserved 1048576K
}
Event: 23.887 GC heap before
{Heap before GC invocations=33 (full 0):
 garbage-first heap   total 655360K, used 350720K [0x000000008a400000, 0x0000000100000000)
  region size 1024K, 139 young (142336K), 20 survivors (20480K)
 Metaspace       used 103973K, committed 104768K, reserved 1179648K
  class space    used 13763K, committed 14144K, reserved 1048576K
}
Event: 23.908 GC heap after
{Heap after GC invocations=34 (full 0):
 garbage-first heap   total 655360K, used 249645K [0x000000008a400000, 0x0000000100000000)
  region size 1024K, 20 young (20480K), 20 survivors (20480K)
 Metaspace       used 103973K, committed 104768K, reserved 1179648K
  class space    used 13763K, committed 14144K, reserved 1048576K
}
Event: 26.727 GC heap before
{Heap before GC invocations=35 (full 0):
 garbage-first heap   total 655360K, used 473901K [0x000000008a400000, 0x0000000100000000)
  region size 1024K, 272 young (278528K), 20 survivors (20480K)
 Metaspace       used 111641K, committed 112576K, reserved 1179648K
  class space    used 14855K, committed 15296K, reserved 1048576K
}
Event: 26.803 GC heap after
{Heap after GC invocations=36 (full 0):
 garbage-first heap   total 655360K, used 238971K [0x000000008a400000, 0x0000000100000000)
  region size 1024K, 23 young (23552K), 23 survivors (23552K)
 Metaspace       used 111641K, committed 112576K, reserved 1179648K
  class space    used 14855K, committed 15296K, reserved 1048576K
}
Event: 85.394 GC heap before
{Heap before GC invocations=36 (full 0):
 garbage-first heap   total 655360K, used 389499K [0x000000008a400000, 0x0000000100000000)
  region size 1024K, 172 young (176128K), 23 survivors (23552K)
 Metaspace       used 133745K, committed 134912K, reserved 1179648K
  class space    used 17796K, committed 18368K, reserved 1048576K
}
Event: 86.340 GC heap after
{Heap after GC invocations=37 (full 1):
 garbage-first heap   total 273408K, used 75573K [0x000000008a400000, 0x0000000100000000)
  region size 1024K, 0 young (0K), 0 survivors (0K)
 Metaspace       used 133703K, committed 134912K, reserved 1179648K
  class space    used 17789K, committed 18368K, reserved 1048576K
}
Event: 89.794 GC heap before
{Heap before GC invocations=37 (full 1):
 garbage-first heap   total 273408K, used 202549K [0x000000008a400000, 0x0000000100000000)
  region size 1024K, 125 young (128000K), 0 survivors (0K)
 Metaspace       used 135503K, committed 136704K, reserved 1179648K
  class space    used 17946K, committed 18496K, reserved 1048576K
}
Event: 89.806 GC heap after
{Heap after GC invocations=38 (full 1):
 garbage-first heap   total 273408K, used 86837K [0x000000008a400000, 0x0000000100000000)
  region size 1024K, 11 young (11264K), 11 survivors (11264K)
 Metaspace       used 135503K, committed 136704K, reserved 1179648K
  class space    used 17946K, committed 18496K, reserved 1048576K
}
Event: 91.422 GC heap before
{Heap before GC invocations=39 (full 1):
 garbage-first heap   total 273408K, used 212789K [0x000000008a400000, 0x0000000100000000)
  region size 1024K, 134 young (137216K), 11 survivors (11264K)
 Metaspace       used 138200K, committed 139456K, reserved 1179648K
  class space    used 18152K, committed 18752K, reserved 1048576K
}
Event: 91.482 GC heap after
{Heap after GC invocations=40 (full 1):
 garbage-first heap   total 273408K, used 94726K [0x000000008a400000, 0x0000000100000000)
  region size 1024K, 10 young (10240K), 10 survivors (10240K)
 Metaspace       used 138200K, committed 139456K, reserved 1179648K
  class space    used 18152K, committed 18752K, reserved 1048576K
}
Event: 167.131 GC heap before
{Heap before GC invocations=40 (full 1):
 garbage-first heap   total 273408K, used 219654K [0x000000008a400000, 0x0000000100000000)
  region size 1024K, 132 young (135168K), 10 survivors (10240K)
 Metaspace       used 139628K, committed 140992K, reserved 1179648K
  class space    used 18251K, committed 18944K, reserved 1048576K
}
Event: 167.323 GC heap after
{Heap after GC invocations=41 (full 1):
 garbage-first heap   total 273408K, used 97662K [0x000000008a400000, 0x0000000100000000)
  region size 1024K, 12 young (12288K), 12 survivors (12288K)
 Metaspace       used 139628K, committed 140992K, reserved 1179648K
  class space    used 18251K, committed 18944K, reserved 1048576K
}
Event: 167.562 GC heap before
{Heap before GC invocations=41 (full 1):
 garbage-first heap   total 273408K, used 97662K [0x000000008a400000, 0x0000000100000000)
  region size 1024K, 13 young (13312K), 12 survivors (12288K)
 Metaspace       used 139638K, committed 140992K, reserved 1179648K
  class space    used 18252K, committed 18944K, reserved 1048576K
}
Event: 169.603 GC heap after
{Heap after GC invocations=42 (full 2):
 garbage-first heap   total 273408K, used 86990K [0x000000008a400000, 0x0000000100000000)
  region size 1024K, 0 young (0K), 0 survivors (0K)
 Metaspace       used 139598K, committed 140992K, reserved 1179648K
  class space    used 18246K, committed 18944K, reserved 1048576K
}
Event: 175.655 GC heap before
{Heap before GC invocations=42 (full 2):
 garbage-first heap   total 273408K, used 224206K [0x000000008a400000, 0x0000000100000000)
  region size 1024K, 135 young (138240K), 0 survivors (0K)
 Metaspace       used 141292K, committed 142656K, reserved 1179648K
  class space    used 18408K, committed 19072K, reserved 1048576K
}

