# JRE version: Java(TM) SE Runtime Environment (21.0.5+9) (build 21.0.5+9-LTS-239)
# Java VM: Java HotSpot(TM) 64-Bit Server VM (21.0.5+9-LTS-239, mixed mode, sharing, tiered, compressed oops, compressed class ptrs, g1 gc, windows-amd64)
GC Precious Log:
 CardTable entry size: 512
 Card Set container configuration: InlinePtr #cards 5 size 8 Array Of Cards #cards 12 size 40 Howl #buckets 4 coarsen threshold 1843 Howl Bitmap #cards 512 size 80 coarsen threshold 460 Card regions per heap region 1 cards per card region 2048
 CPUs: 12 total, 12 available
 Memory: 7532M
 Large Page Support: Disabled
 NUMA Support: Disabled
 Compressed Oops: Enabled (32-bit)
 Heap Region Size: 1M
 Heap Min Capacity: 8M
 Heap Initial Capacity: 118M
 Heap Max Capacity: 1884M
 Pre-touch: Disabled
 Parallel Workers: 10
 Concurrent Workers: 3
 Concurrent Refinement Workers: 10
 Periodic GC: Disabled
Heap:
 garbage-first heap   total 104448K, used 92171K [0x000000008a400000, 0x0000000100000000)
  region size 1024K, 48 young (49152K), 6 survivors (6144K)
 Metaspace       used 77969K, committed 78720K, reserved 1179648K
  class space    used 10622K, committed 10944K, reserved 1048576K
GC Heap History (20 events):
Event: 2.506 GC heap after
{Heap after GC invocations=4 (full 0):
 garbage-first heap   total 120832K, used 24305K [0x000000008a400000, 0x0000000100000000)
  region size 1024K, 8 young (8192K), 8 survivors (8192K)
 Metaspace       used 21216K, committed 21504K, reserved 1114112K
  class space    used 2670K, committed 2816K, reserved 1048576K
}
Event: 3.679 GC heap before
{Heap before GC invocations=5 (full 0):
 garbage-first heap   total 89088K, used 86769K [0x000000008a400000, 0x0000000100000000)
  region size 1024K, 70 young (71680K), 8 survivors (8192K)
 Metaspace       used 27805K, committed 28160K, reserved 1114112K
  class space    used 3482K, committed 3648K, reserved 1048576K
}
Event: 3.688 GC heap after
{Heap after GC invocations=6 (full 0):
 garbage-first heap   total 102400K, used 29325K [0x000000008a400000, 0x0000000100000000)
  region size 1024K, 9 young (9216K), 9 survivors (9216K)
 Metaspace       used 27805K, committed 28160K, reserved 1114112K
  class space    used 3482K, committed 3648K, reserved 1048576K
}
Event: 4.671 GC heap before
{Heap before GC invocations=6 (full 0):
 garbage-first heap   total 102400K, used 78477K [0x000000008a400000, 0x0000000100000000)
  region size 1024K, 57 young (58368K), 9 survivors (9216K)
 Metaspace       used 31701K, committed 32064K, reserved 1114112K
  class space    used 3962K, committed 4160K, reserved 1048576K
}
Event: 4.679 GC heap after
{Heap after GC invocations=7 (full 0):
 garbage-first heap   total 102400K, used 31471K [0x000000008a400000, 0x0000000100000000)
  region size 1024K, 3 young (3072K), 3 survivors (3072K)
 Metaspace       used 31701K, committed 32064K, reserved 1114112K
  class space    used 3962K, committed 4160K, reserved 1048576K
}
Event: 5.255 GC heap before
{Heap before GC invocations=7 (full 0):
 garbage-first heap   total 102400K, used 57071K [0x000000008a400000, 0x0000000100000000)
  region size 1024K, 29 young (29696K), 3 survivors (3072K)
 Metaspace       used 35563K, committed 35968K, reserved 1114112K
  class space    used 4470K, committed 4672K, reserved 1048576K
}
Event: 5.260 GC heap after
{Heap after GC invocations=8 (full 0):
 garbage-first heap   total 102400K, used 33344K [0x000000008a400000, 0x0000000100000000)
  region size 1024K, 5 young (5120K), 5 survivors (5120K)
 Metaspace       used 35563K, committed 35968K, reserved 1114112K
  class space    used 4470K, committed 4672K, reserved 1048576K
}
Event: 6.712 GC heap before
{Heap before GC invocations=9 (full 0):
 garbage-first heap   total 102400K, used 85568K [0x000000008a400000, 0x0000000100000000)
  region size 1024K, 56 young (57344K), 5 survivors (5120K)
 Metaspace       used 44498K, committed 45056K, reserved 1114112K
  class space    used 5568K, committed 5824K, reserved 1048576K
}
Event: 6.721 GC heap after
{Heap after GC invocations=10 (full 0):
 garbage-first heap   total 102400K, used 37400K [0x000000008a400000, 0x0000000100000000)
  region size 1024K, 7 young (7168K), 7 survivors (7168K)
 Metaspace       used 44498K, committed 45056K, reserved 1114112K
  class space    used 5568K, committed 5824K, reserved 1048576K
}
Event: 8.418 GC heap before
{Heap before GC invocations=10 (full 0):
 garbage-first heap   total 102400K, used 87576K [0x000000008a400000, 0x0000000100000000)
  region size 1024K, 56 young (57344K), 7 survivors (7168K)
 Metaspace       used 56277K, committed 56832K, reserved 1114112K
  class space    used 7270K, committed 7552K, reserved 1048576K
}
Event: 8.430 GC heap after
{Heap after GC invocations=11 (full 0):
 garbage-first heap   total 102400K, used 40886K [0x000000008a400000, 0x0000000100000000)
  region size 1024K, 4 young (4096K), 4 survivors (4096K)
 Metaspace       used 56277K, committed 56832K, reserved 1114112K
  class space    used 7270K, committed 7552K, reserved 1048576K
}
Event: 8.785 GC heap before
{Heap before GC invocations=11 (full 0):
 garbage-first heap   total 102400K, used 59318K [0x000000008a400000, 0x0000000100000000)
  region size 1024K, 23 young (23552K), 4 survivors (4096K)
 Metaspace       used 59779K, committed 60288K, reserved 1114112K
  class space    used 7704K, committed 7936K, reserved 1048576K
}
Event: 8.788 GC heap after
{Heap after GC invocations=12 (full 0):
 garbage-first heap   total 102400K, used 41555K [0x000000008a400000, 0x0000000100000000)
  region size 1024K, 5 young (5120K), 5 survivors (5120K)
 Metaspace       used 59779K, committed 60288K, reserved 1114112K
  class space    used 7704K, committed 7936K, reserved 1048576K
}
Event: 9.577 GC heap before
{Heap before GC invocations=13 (full 0):
 garbage-first heap   total 102400K, used 90707K [0x000000008a400000, 0x0000000100000000)
  region size 1024K, 53 young (54272K), 5 survivors (5120K)
 Metaspace       used 65467K, committed 66112K, reserved 1114112K
  class space    used 8632K, committed 8896K, reserved 1048576K
}
Event: 9.581 GC heap after
{Heap after GC invocations=14 (full 0):
 garbage-first heap   total 102400K, used 42532K [0x000000008a400000, 0x0000000100000000)
  region size 1024K, 2 young (2048K), 2 survivors (2048K)
 Metaspace       used 65467K, committed 66112K, reserved 1114112K
  class space    used 8632K, committed 8896K, reserved 1048576K
}
Event: 10.356 GC heap before
{Heap before GC invocations=14 (full 0):
 garbage-first heap   total 102400K, used 91684K [0x000000008a400000, 0x0000000100000000)
  region size 1024K, 50 young (51200K), 2 survivors (2048K)
 Metaspace       used 73993K, committed 74688K, reserved 1114112K
  class space    used 9963K, committed 10304K, reserved 1048576K
}
Event: 10.361 GC heap after
{Heap after GC invocations=15 (full 0):
 garbage-first heap   total 102400K, used 46973K [0x000000008a400000, 0x0000000100000000)
  region size 1024K, 7 young (7168K), 7 survivors (7168K)
 Metaspace       used 73993K, committed 74688K, reserved 1114112K
  class space    used 9963K, committed 10304K, reserved 1048576K
}
Event: 10.610 GC heap before
{Heap before GC invocations=15 (full 0):
 garbage-first heap   total 102400K, used 88957K [0x000000008a400000, 0x0000000100000000)
  region size 1024K, 48 young (49152K), 7 survivors (7168K)
 Metaspace       used 75851K, committed 76608K, reserved 1179648K
  class space    used 10345K, committed 10688K, reserved 1048576K
}
Event: 10.616 GC heap after
{Heap after GC invocations=16 (full 0):
 garbage-first heap   total 102400K, used 49163K [0x000000008a400000, 0x0000000100000000)
  region size 1024K, 3 young (3072K), 3 survivors (3072K)
 Metaspace       used 75851K, committed 76608K, reserved 1179648K
  class space    used 10345K, committed 10688K, reserved 1048576K
}
Event: 10.816 GC heap before
{Heap before GC invocations=16 (full 0):
 garbage-first heap   total 102400K, used 92171K [0x000000008a400000, 0x0000000100000000)
  region size 1024K, 45 young (46080K), 3 survivors (3072K)
 Metaspace       used 77969K, committed 78720K, reserved 1179648K
  class space    used 10622K, committed 10944K, reserved 1048576K
}

