# JRE version: Java(TM) SE Runtime Environment (21.0.5+9) (build 21.0.5+9-LTS-239)
# Java VM: Java HotSpot(TM) 64-Bit Server VM (21.0.5+9-LTS-239, mixed mode, sharing, tiered, compressed oops, compressed class ptrs, g1 gc, windows-amd64)
GC Precious Log:
 CardTable entry size: 512
 Card Set container configuration: InlinePtr #cards 5 size 8 Array Of Cards #cards 12 size 40 Howl #buckets 4 coarsen threshold 1843 Howl Bitmap #cards 512 size 80 coarsen threshold 460 Card regions per heap region 1 cards per card region 2048
 CPUs: 12 total, 12 available
 Memory: 7532M
 Large Page Support: Disabled
 NUMA Support: Disabled
 Compressed Oops: Enabled (32-bit)
 Heap Region Size: 1M
 Heap Min Capacity: 8M
 Heap Initial Capacity: 118M
 Heap Max Capacity: 1884M
 Pre-touch: Disabled
 Parallel Workers: 10
 Concurrent Workers: 3
 Concurrent Refinement Workers: 10
 Periodic GC: Disabled
Heap:
 garbage-first heap   total 114688K, used 70933K [0x000000008a400000, 0x0000000100000000)
  region size 1024K, 3 young (3072K), 3 survivors (3072K)
 Metaspace       used 93070K, committed 93824K, reserved 1179648K
  class space    used 12522K, committed 12864K, reserved 1048576K
GC Heap History (20 events):
Event: 6.435 GC heap after
{Heap after GC invocations=11 (full 0):
 garbage-first heap   total 103424K, used 37016K [0x000000008a400000, 0x0000000100000000)
  region size 1024K, 7 young (7168K), 7 survivors (7168K)
 Metaspace       used 55060K, committed 55616K, reserved 1114112K
  class space    used 7172K, committed 7424K, reserved 1048576K
}
Event: 6.721 GC heap before
{Heap before GC invocations=11 (full 0):
 garbage-first heap   total 103424K, used 52376K [0x000000008a400000, 0x0000000100000000)
  region size 1024K, 24 young (24576K), 7 survivors (7168K)
 Metaspace       used 59855K, committed 60480K, reserved 1114112K
  class space    used 7860K, committed 8128K, reserved 1048576K
}
Event: 6.725 GC heap after
{Heap after GC invocations=12 (full 0):
 garbage-first heap   total 103424K, used 38520K [0x000000008a400000, 0x0000000100000000)
  region size 1024K, 5 young (5120K), 5 survivors (5120K)
 Metaspace       used 59855K, committed 60480K, reserved 1114112K
  class space    used 7860K, committed 8128K, reserved 1048576K
}
Event: 7.344 GC heap before
{Heap before GC invocations=13 (full 0):
 garbage-first heap   total 103424K, used 90744K [0x000000008a400000, 0x0000000100000000)
  region size 1024K, 56 young (57344K), 5 survivors (5120K)
 Metaspace       used 67034K, committed 67648K, reserved 1114112K
  class space    used 9005K, committed 9280K, reserved 1048576K
}
Event: 7.349 GC heap after
{Heap after GC invocations=14 (full 0):
 garbage-first heap   total 103424K, used 40392K [0x000000008a400000, 0x0000000100000000)
  region size 1024K, 4 young (4096K), 4 survivors (4096K)
 Metaspace       used 67034K, committed 67648K, reserved 1114112K
  class space    used 9005K, committed 9280K, reserved 1048576K
}
Event: 7.852 GC heap before
{Heap before GC invocations=14 (full 0):
 garbage-first heap   total 103424K, used 91592K [0x000000008a400000, 0x0000000100000000)
  region size 1024K, 54 young (55296K), 4 survivors (4096K)
 Metaspace       used 72458K, committed 73152K, reserved 1114112K
  class space    used 9872K, committed 10176K, reserved 1048576K
}
Event: 7.856 GC heap after
{Heap after GC invocations=15 (full 0):
 garbage-first heap   total 103424K, used 42627K [0x000000008a400000, 0x0000000100000000)
  region size 1024K, 7 young (7168K), 7 survivors (7168K)
 Metaspace       used 72458K, committed 73152K, reserved 1114112K
  class space    used 9872K, committed 10176K, reserved 1048576K
}
Event: 8.183 GC heap before
{Heap before GC invocations=15 (full 0):
 garbage-first heap   total 103424K, used 88707K [0x000000008a400000, 0x0000000100000000)
  region size 1024K, 52 young (53248K), 7 survivors (7168K)
 Metaspace       used 74274K, committed 74944K, reserved 1114112K
  class space    used 10250K, committed 10560K, reserved 1048576K
}
Event: 8.188 GC heap after
{Heap after GC invocations=16 (full 0):
 garbage-first heap   total 103424K, used 46683K [0x000000008a400000, 0x0000000100000000)
  region size 1024K, 7 young (7168K), 7 survivors (7168K)
 Metaspace       used 74274K, committed 74944K, reserved 1114112K
  class space    used 10250K, committed 10560K, reserved 1048576K
}
Event: 8.260 GC heap before
{Heap before GC invocations=16 (full 0):
 garbage-first heap   total 103424K, used 89691K [0x000000008a400000, 0x0000000100000000)
  region size 1024K, 49 young (50176K), 7 survivors (7168K)
 Metaspace       used 74280K, committed 74944K, reserved 1114112K
  class space    used 10250K, committed 10560K, reserved 1048576K
}
Event: 8.266 GC heap after
{Heap after GC invocations=17 (full 0):
 garbage-first heap   total 103424K, used 48586K [0x000000008a400000, 0x0000000100000000)
  region size 1024K, 5 young (5120K), 5 survivors (5120K)
 Metaspace       used 74280K, committed 74944K, reserved 1114112K
  class space    used 10250K, committed 10560K, reserved 1048576K
}
Event: 8.333 GC heap before
{Heap before GC invocations=18 (full 0):
 garbage-first heap   total 111616K, used 91594K [0x000000008a400000, 0x0000000100000000)
  region size 1024K, 47 young (48128K), 5 survivors (5120K)
 Metaspace       used 74294K, committed 74944K, reserved 1114112K
  class space    used 10250K, committed 10560K, reserved 1048576K
}
Event: 8.341 GC heap after
{Heap after GC invocations=19 (full 0):
 garbage-first heap   total 111616K, used 55073K [0x000000008a400000, 0x0000000100000000)
  region size 1024K, 6 young (6144K), 6 survivors (6144K)
 Metaspace       used 74294K, committed 74944K, reserved 1114112K
  class space    used 10250K, committed 10560K, reserved 1048576K
}
Event: 8.754 GC heap before
{Heap before GC invocations=19 (full 0):
 garbage-first heap   total 111616K, used 91937K [0x000000008a400000, 0x0000000100000000)
  region size 1024K, 43 young (44032K), 6 survivors (6144K)
 Metaspace       used 78430K, committed 79168K, reserved 1179648K
  class space    used 10846K, committed 11200K, reserved 1048576K
}
Event: 8.762 GC heap after
{Heap after GC invocations=20 (full 0):
 garbage-first heap   total 111616K, used 61271K [0x000000008a400000, 0x0000000100000000)
  region size 1024K, 6 young (6144K), 6 survivors (6144K)
 Metaspace       used 78430K, committed 79168K, reserved 1179648K
  class space    used 10846K, committed 11200K, reserved 1048576K
}
Event: 9.292 GC heap before
{Heap before GC invocations=20 (full 0):
 garbage-first heap   total 111616K, used 94039K [0x000000008a400000, 0x0000000100000000)
  region size 1024K, 38 young (38912K), 6 survivors (6144K)
 Metaspace       used 84471K, committed 85120K, reserved 1179648K
  class space    used 11530K, committed 11840K, reserved 1048576K
}
Event: 9.298 GC heap after
{Heap after GC invocations=21 (full 0):
 garbage-first heap   total 111616K, used 65603K [0x000000008a400000, 0x0000000100000000)
  region size 1024K, 4 young (4096K), 4 survivors (4096K)
 Metaspace       used 84471K, committed 85120K, reserved 1179648K
  class space    used 11530K, committed 11840K, reserved 1048576K
}
Event: 9.718 GC heap before
{Heap before GC invocations=22 (full 0):
 garbage-first heap   total 114688K, used 95299K [0x000000008a400000, 0x0000000100000000)
  region size 1024K, 34 young (34816K), 4 survivors (4096K)
 Metaspace       used 89377K, committed 90048K, reserved 1179648K
  class space    used 12115K, committed 12416K, reserved 1048576K
}
Event: 9.722 GC heap after
{Heap after GC invocations=23 (full 0):
 garbage-first heap   total 114688K, used 69340K [0x000000008a400000, 0x0000000100000000)
  region size 1024K, 4 young (4096K), 4 survivors (4096K)
 Metaspace       used 89377K, committed 90048K, reserved 1179648K
  class space    used 12115K, committed 12416K, reserved 1048576K
}
Event: 10.175 GC heap before
{Heap before GC invocations=23 (full 0):
 garbage-first heap   total 114688K, used 100060K [0x000000008a400000, 0x0000000100000000)
  region size 1024K, 34 young (34816K), 4 survivors (4096K)
 Metaspace       used 93070K, committed 93824K, reserved 1179648K
  class space    used 12522K, committed 12864K, reserved 1048576K
}

