# JRE version: Java(TM) SE Runtime Environment (21.0.5+9) (build 21.0.5+9-LTS-239)
# Java VM: Java HotSpot(TM) 64-Bit Server VM (21.0.5+9-LTS-239, mixed mode, sharing, tiered, compressed oops, compressed class ptrs, g1 gc, windows-amd64)
GC Precious Log:
 CardTable entry size: 512
 Card Set container configuration: InlinePtr #cards 5 size 8 Array Of Cards #cards 12 size 40 Howl #buckets 4 coarsen threshold 1843 Howl Bitmap #cards 512 size 80 coarsen threshold 460 Card regions per heap region 1 cards per card region 2048
 CPUs: 12 total, 12 available
 Memory: 7532M
 Large Page Support: Disabled
 NUMA Support: Disabled
 Compressed Oops: Enabled (32-bit)
 Heap Region Size: 1M
 Heap Min Capacity: 8M
 Heap Initial Capacity: 118M
 Heap Max Capacity: 1884M
 Pre-touch: Disabled
 Parallel Workers: 10
 Concurrent Workers: 3
 Concurrent Refinement Workers: 10
 Periodic GC: Disabled
Heap:
 garbage-first heap   total 568320K, used 233846K [0x000000008a400000, 0x0000000100000000)
  region size 1024K, 119 young (121856K), 6 survivors (6144K)
 Metaspace       used 110347K, committed 111232K, reserved 1179648K
  class space    used 14755K, committed 15168K, reserved 1048576K
GC Heap History (20 events):
Event: 9.389 GC heap before
{Heap before GC invocations=16 (full 0):
 garbage-first heap   total 102400K, used 90839K [0x000000008a400000, 0x0000000100000000)
  region size 1024K, 46 young (47104K), 2 survivors (2048K)
 Metaspace       used 75157K, committed 75904K, reserved 1179648K
  class space    used 10346K, committed 10688K, reserved 1048576K
}
Event: 9.391 GC heap after
{Heap after GC invocations=17 (full 0):
 garbage-first heap   total 102400K, used 46225K [0x000000008a400000, 0x0000000100000000)
  region size 1024K, 3 young (3072K), 3 survivors (3072K)
 Metaspace       used 75157K, committed 75904K, reserved 1179648K
  class space    used 10346K, committed 10688K, reserved 1048576K
}
Event: 9.481 GC heap before
{Heap before GC invocations=18 (full 0):
 garbage-first heap   total 106496K, used 92305K [0x000000008a400000, 0x0000000100000000)
  region size 1024K, 48 young (49152K), 3 survivors (3072K)
 Metaspace       used 75157K, committed 75904K, reserved 1179648K
  class space    used 10346K, committed 10688K, reserved 1048576K
}
Event: 9.489 GC heap after
{Heap after GC invocations=19 (full 0):
 garbage-first heap   total 106496K, used 54840K [0x000000008a400000, 0x0000000100000000)
  region size 1024K, 6 young (6144K), 6 survivors (6144K)
 Metaspace       used 75157K, committed 75904K, reserved 1179648K
  class space    used 10346K, committed 10688K, reserved 1048576K
}
Event: 9.872 GC heap before
{Heap before GC invocations=19 (full 0):
 garbage-first heap   total 106496K, used 91704K [0x000000008a400000, 0x0000000100000000)
  region size 1024K, 42 young (43008K), 6 survivors (6144K)
 Metaspace       used 79450K, committed 80128K, reserved 1179648K
  class space    used 10954K, committed 11264K, reserved 1048576K
}
Event: 9.883 GC heap after
{Heap after GC invocations=20 (full 0):
 garbage-first heap   total 156672K, used 62718K [0x000000008a400000, 0x0000000100000000)
  region size 1024K, 6 young (6144K), 6 survivors (6144K)
 Metaspace       used 79450K, committed 80128K, reserved 1179648K
  class space    used 10954K, committed 11264K, reserved 1048576K
}
Event: 11.441 GC heap before
{Heap before GC invocations=20 (full 0):
 garbage-first heap   total 156672K, used 129278K [0x000000008a400000, 0x0000000100000000)
  region size 1024K, 71 young (72704K), 6 survivors (6144K)
 Metaspace       used 90030K, committed 90752K, reserved 1179648K
  class space    used 12170K, committed 12480K, reserved 1048576K
}
Event: 11.451 GC heap after
{Heap after GC invocations=21 (full 0):
 garbage-first heap   total 156672K, used 71121K [0x000000008a400000, 0x0000000100000000)
  region size 1024K, 8 young (8192K), 8 survivors (8192K)
 Metaspace       used 90030K, committed 90752K, reserved 1179648K
  class space    used 12170K, committed 12480K, reserved 1048576K
}
Event: 12.429 GC heap before
{Heap before GC invocations=21 (full 0):
 garbage-first heap   total 156672K, used 131537K [0x000000008a400000, 0x0000000100000000)
  region size 1024K, 67 young (68608K), 8 survivors (8192K)
 Metaspace       used 96144K, committed 96896K, reserved 1179648K
  class space    used 12861K, committed 13184K, reserved 1048576K
}
Event: 12.436 GC heap after
{Heap after GC invocations=22 (full 0):
 garbage-first heap   total 156672K, used 74622K [0x000000008a400000, 0x0000000100000000)
  region size 1024K, 4 young (4096K), 4 survivors (4096K)
 Metaspace       used 96144K, committed 96896K, reserved 1179648K
  class space    used 12861K, committed 13184K, reserved 1048576K
}
Event: 12.726 GC heap before
{Heap before GC invocations=22 (full 0):
 garbage-first heap   total 156672K, used 135038K [0x000000008a400000, 0x0000000100000000)
  region size 1024K, 63 young (64512K), 4 survivors (4096K)
 Metaspace       used 98856K, committed 99648K, reserved 1179648K
  class space    used 13194K, committed 13568K, reserved 1048576K
}
Event: 12.738 GC heap after
{Heap after GC invocations=23 (full 0):
 garbage-first heap   total 157696K, used 92419K [0x000000008a400000, 0x0000000100000000)
  region size 1024K, 8 young (8192K), 8 survivors (8192K)
 Metaspace       used 98856K, committed 99648K, reserved 1179648K
  class space    used 13194K, committed 13568K, reserved 1048576K
}
Event: 12.809 GC heap before
{Heap before GC invocations=24 (full 0):
 garbage-first heap   total 194560K, used 128259K [0x000000008a400000, 0x0000000100000000)
  region size 1024K, 47 young (48128K), 8 survivors (8192K)
 Metaspace       used 98859K, committed 99648K, reserved 1179648K
  class space    used 13195K, committed 13568K, reserved 1048576K
}
Event: 12.817 GC heap after
{Heap after GC invocations=25 (full 0):
 garbage-first heap   total 194560K, used 95103K [0x000000008a400000, 0x0000000100000000)
  region size 1024K, 6 young (6144K), 6 survivors (6144K)
 Metaspace       used 98859K, committed 99648K, reserved 1179648K
  class space    used 13195K, committed 13568K, reserved 1048576K
}
Event: 12.888 GC heap before
{Heap before GC invocations=25 (full 0):
 garbage-first heap   total 194560K, used 157567K [0x000000008a400000, 0x0000000100000000)
  region size 1024K, 66 young (67584K), 6 survivors (6144K)
 Metaspace       used 98859K, committed 99648K, reserved 1179648K
  class space    used 13195K, committed 13568K, reserved 1048576K
}
Event: 12.901 GC heap after
{Heap after GC invocations=26 (full 0):
 garbage-first heap   total 194560K, used 105129K [0x000000008a400000, 0x0000000100000000)
  region size 1024K, 9 young (9216K), 9 survivors (9216K)
 Metaspace       used 98859K, committed 99648K, reserved 1179648K
  class space    used 13195K, committed 13568K, reserved 1048576K
}
Event: 12.935 GC heap before
{Heap before GC invocations=26 (full 0):
 garbage-first heap   total 194560K, used 143017K [0x000000008a400000, 0x0000000100000000)
  region size 1024K, 47 young (48128K), 9 survivors (9216K)
 Metaspace       used 98859K, committed 99648K, reserved 1179648K
  class space    used 13195K, committed 13568K, reserved 1048576K
}
Event: 12.949 GC heap after
{Heap after GC invocations=27 (full 0):
 garbage-first heap   total 194560K, used 122314K [0x000000008a400000, 0x0000000100000000)
  region size 1024K, 8 young (8192K), 8 survivors (8192K)
 Metaspace       used 98859K, committed 99648K, reserved 1179648K
  class space    used 13195K, committed 13568K, reserved 1048576K
}
Event: 13.019 GC heap before
{Heap before GC invocations=27 (full 0):
 garbage-first heap   total 239616K, used 149962K [0x000000008a400000, 0x0000000100000000)
  region size 1024K, 46 young (47104K), 8 survivors (8192K)
 Metaspace       used 98849K, committed 99648K, reserved 1179648K
  class space    used 13193K, committed 13568K, reserved 1048576K
}
Event: 13.031 GC heap after
{Heap after GC invocations=28 (full 0):
 garbage-first heap   total 568320K, used 119158K [0x000000008a400000, 0x0000000100000000)
  region size 1024K, 6 young (6144K), 6 survivors (6144K)
 Metaspace       used 98849K, committed 99648K, reserved 1179648K
  class space    used 13193K, committed 13568K, reserved 1048576K
}

