# JRE version: OpenJDK Runtime Environment Temurin-21.0.6+7 (21.0.6+7) (build 21.0.6+7-LTS)
# Java VM: OpenJDK 64-Bit Server VM Temurin-21.0.6+7 (21.0.6+7-LTS, mixed mode, sharing, tiered, compressed oops, compressed class ptrs, parallel gc, windows-amd64)
GC Precious Log:
 CardTable entry size: 512
 CPUs: 12 total, 12 available
 Memory: 7532M
 Large Page Support: Disabled
 NUMA Support: Disabled
 Compressed Oops: Enabled (32-bit)
 Alignments: Space 512K, Generation 512K, Heap 2M
 Heap Min Capacity: 100M
 Heap Initial Capacity: 100M
 Heap Max Capacity: 1G
 Pre-touch: Disabled
 Parallel Workers: 10
Heap:
 PSYoungGen      total 10240K, used 6468K [0x00000000eab00000, 0x00000000eb680000, 0x0000000100000000)
  eden space 9216K, 66% used [0x00000000eab00000,0x00000000eb1012d8,0x00000000eb400000)
  from space 1024K, 31% used [0x00000000eb480000,0x00000000eb4d0000,0x00000000eb580000)
  to   space 512K, 0% used [0x00000000eb600000,0x00000000eb600000,0x00000000eb680000)
 ParOldGen       total 367616K, used 367595K [0x00000000c0000000, 0x00000000d6700000, 0x00000000eab00000)
  object space 367616K, 99% used [0x00000000c0000000,0x00000000d66faff0,0x00000000d6700000)
 Metaspace       used 91090K, committed 92864K, reserved 1179648K
  class space    used 8863K, committed 9792K, reserved 1048576K
GC Heap History (20 events):
Event: 3186.959 GC heap before
{Heap before GC invocations=2661 (full 10):
 PSYoungGen      total 10240K, used 10080K [0x00000000eab00000, 0x00000000eb800000, 0x0000000100000000)
  eden space 9216K, 100% used [0x00000000eab00000,0x00000000eb400000,0x00000000eb400000)
  from space 1024K, 84% used [0x00000000eb400000,0x00000000eb4d8040,0x00000000eb500000)
  to   space 1024K, 0% used [0x00000000eb700000,0x00000000eb700000,0x00000000eb800000)
 ParOldGen       total 364032K, used 363785K [0x00000000c0000000, 0x00000000d6380000, 0x00000000eab00000)
  object space 364032K, 99% used [0x00000000c0000000,0x00000000d6342718,0x00000000d6380000)
 Metaspace       used 91078K, committed 92800K, reserved 1179648K
  class space    used 8863K, committed 9792K, reserved 1048576K
}
Event: 3186.961 GC heap after
{Heap after GC invocations=2661 (full 10):
 PSYoungGen      total 10240K, used 1016K [0x00000000eab00000, 0x00000000eb900000, 0x0000000100000000)
  eden space 9216K, 0% used [0x00000000eab00000,0x00000000eab00000,0x00000000eb400000)
  from space 1024K, 99% used [0x00000000eb700000,0x00000000eb7fe0d8,0x00000000eb800000)
  to   space 2560K, 0% used [0x00000000eb400000,0x00000000eb400000,0x00000000eb680000)
 ParOldGen       total 365056K, used 364655K [0x00000000c0000000, 0x00000000d6480000, 0x00000000eab00000)
  object space 365056K, 99% used [0x00000000c0000000,0x00000000d641bdf8,0x00000000d6480000)
 Metaspace       used 91078K, committed 92800K, reserved 1179648K
  class space    used 8863K, committed 9792K, reserved 1048576K
}
Event: 3187.001 GC heap before
{Heap before GC invocations=2662 (full 10):
 PSYoungGen      total 10240K, used 10232K [0x00000000eab00000, 0x00000000eb900000, 0x0000000100000000)
  eden space 9216K, 100% used [0x00000000eab00000,0x00000000eb400000,0x00000000eb400000)
  from space 1024K, 99% used [0x00000000eb700000,0x00000000eb7fe0d8,0x00000000eb800000)
  to   space 2560K, 0% used [0x00000000eb400000,0x00000000eb400000,0x00000000eb680000)
 ParOldGen       total 365056K, used 364655K [0x00000000c0000000, 0x00000000d6480000, 0x00000000eab00000)
  object space 365056K, 99% used [0x00000000c0000000,0x00000000d641bdf8,0x00000000d6480000)
 Metaspace       used 91078K, committed 92800K, reserved 1179648K
  class space    used 8863K, committed 9792K, reserved 1048576K
}
Event: 3187.004 GC heap after
{Heap after GC invocations=2662 (full 10):
 PSYoungGen      total 10240K, used 704K [0x00000000eab00000, 0x00000000eb780000, 0x0000000100000000)
  eden space 9216K, 0% used [0x00000000eab00000,0x00000000eab00000,0x00000000eb400000)
  from space 1024K, 68% used [0x00000000eb400000,0x00000000eb4b0360,0x00000000eb500000)
  to   space 1536K, 0% used [0x00000000eb600000,0x00000000eb600000,0x00000000eb780000)
 ParOldGen       total 366080K, used 365796K [0x00000000c0000000, 0x00000000d6580000, 0x00000000eab00000)
  object space 366080K, 99% used [0x00000000c0000000,0x00000000d65390b0,0x00000000d6580000)
 Metaspace       used 91078K, committed 92800K, reserved 1179648K
  class space    used 8863K, committed 9792K, reserved 1048576K
}
Event: 3187.123 GC heap before
{Heap before GC invocations=2663 (full 10):
 PSYoungGen      total 10240K, used 9920K [0x00000000eab00000, 0x00000000eb780000, 0x0000000100000000)
  eden space 9216K, 100% used [0x00000000eab00000,0x00000000eb400000,0x00000000eb400000)
  from space 1024K, 68% used [0x00000000eb400000,0x00000000eb4b0360,0x00000000eb500000)
  to   space 1536K, 0% used [0x00000000eb600000,0x00000000eb600000,0x00000000eb780000)
 ParOldGen       total 366080K, used 365796K [0x00000000c0000000, 0x00000000d6580000, 0x00000000eab00000)
  object space 366080K, 99% used [0x00000000c0000000,0x00000000d65390b0,0x00000000d6580000)
 Metaspace       used 91078K, committed 92800K, reserved 1179648K
  class space    used 8863K, committed 9792K, reserved 1048576K
}
Event: 3187.125 GC heap after
{Heap after GC invocations=2663 (full 10):
 PSYoungGen      total 9728K, used 192K [0x00000000eab00000, 0x00000000eb680000, 0x0000000100000000)
  eden space 9216K, 0% used [0x00000000eab00000,0x00000000eab00000,0x00000000eb400000)
  from space 512K, 37% used [0x00000000eb600000,0x00000000eb630000,0x00000000eb680000)
  to   space 512K, 0% used [0x00000000eb580000,0x00000000eb580000,0x00000000eb600000)
 ParOldGen       total 366080K, used 365844K [0x00000000c0000000, 0x00000000d6580000, 0x00000000eab00000)
  object space 366080K, 99% used [0x00000000c0000000,0x00000000d65450b0,0x00000000d6580000)
 Metaspace       used 91078K, committed 92800K, reserved 1179648K
  class space    used 8863K, committed 9792K, reserved 1048576K
}
Event: 3187.491 GC heap before
{Heap before GC invocations=2664 (full 10):
 PSYoungGen      total 9728K, used 9408K [0x00000000eab00000, 0x00000000eb680000, 0x0000000100000000)
  eden space 9216K, 100% used [0x00000000eab00000,0x00000000eb400000,0x00000000eb400000)
  from space 512K, 37% used [0x00000000eb600000,0x00000000eb630000,0x00000000eb680000)
  to   space 512K, 0% used [0x00000000eb580000,0x00000000eb580000,0x00000000eb600000)
 ParOldGen       total 366080K, used 365844K [0x00000000c0000000, 0x00000000d6580000, 0x00000000eab00000)
  object space 366080K, 99% used [0x00000000c0000000,0x00000000d65450b0,0x00000000d6580000)
 Metaspace       used 91083K, committed 92800K, reserved 1179648K
  class space    used 8863K, committed 9792K, reserved 1048576K
}
Event: 3187.492 GC heap after
{Heap after GC invocations=2664 (full 10):
 PSYoungGen      total 9728K, used 508K [0x00000000eab00000, 0x00000000eb680000, 0x0000000100000000)
  eden space 9216K, 0% used [0x00000000eab00000,0x00000000eab00000,0x00000000eb400000)
  from space 512K, 99% used [0x00000000eb580000,0x00000000eb5ff1d0,0x00000000eb600000)
  to   space 512K, 0% used [0x00000000eb600000,0x00000000eb600000,0x00000000eb680000)
 ParOldGen       total 366080K, used 365996K [0x00000000c0000000, 0x00000000d6580000, 0x00000000eab00000)
  object space 366080K, 99% used [0x00000000c0000000,0x00000000d656b188,0x00000000d6580000)
 Metaspace       used 91083K, committed 92800K, reserved 1179648K
  class space    used 8863K, committed 9792K, reserved 1048576K
}
Event: 3187.524 GC heap before
{Heap before GC invocations=2665 (full 10):
 PSYoungGen      total 9728K, used 9724K [0x00000000eab00000, 0x00000000eb680000, 0x0000000100000000)
  eden space 9216K, 100% used [0x00000000eab00000,0x00000000eb400000,0x00000000eb400000)
  from space 512K, 99% used [0x00000000eb580000,0x00000000eb5ff1d0,0x00000000eb600000)
  to   space 512K, 0% used [0x00000000eb600000,0x00000000eb600000,0x00000000eb680000)
 ParOldGen       total 366080K, used 365996K [0x00000000c0000000, 0x00000000d6580000, 0x00000000eab00000)
  object space 366080K, 99% used [0x00000000c0000000,0x00000000d656b188,0x00000000d6580000)
 Metaspace       used 91083K, committed 92800K, reserved 1179648K
  class space    used 8863K, committed 9792K, reserved 1048576K
}
Event: 3187.525 GC heap after
{Heap after GC invocations=2665 (full 10):
 PSYoungGen      total 9728K, used 432K [0x00000000eab00000, 0x00000000eb680000, 0x0000000100000000)
  eden space 9216K, 0% used [0x00000000eab00000,0x00000000eab00000,0x00000000eb400000)
  from space 512K, 84% used [0x00000000eb600000,0x00000000eb66c1b0,0x00000000eb680000)
  to   space 1024K, 0% used [0x00000000eb480000,0x00000000eb480000,0x00000000eb580000)
 ParOldGen       total 366592K, used 366384K [0x00000000c0000000, 0x00000000d6600000, 0x00000000eab00000)
  object space 366592K, 99% used [0x00000000c0000000,0x00000000d65cc358,0x00000000d6600000)
 Metaspace       used 91083K, committed 92800K, reserved 1179648K
  class space    used 8863K, committed 9792K, reserved 1048576K
}
Event: 3187.776 GC heap before
{Heap before GC invocations=2666 (full 10):
 PSYoungGen      total 9728K, used 9648K [0x00000000eab00000, 0x00000000eb680000, 0x0000000100000000)
  eden space 9216K, 100% used [0x00000000eab00000,0x00000000eb400000,0x00000000eb400000)
  from space 512K, 84% used [0x00000000eb600000,0x00000000eb66c1b0,0x00000000eb680000)
  to   space 1024K, 0% used [0x00000000eb480000,0x00000000eb480000,0x00000000eb580000)
 ParOldGen       total 366592K, used 366384K [0x00000000c0000000, 0x00000000d6600000, 0x00000000eab00000)
  object space 366592K, 99% used [0x00000000c0000000,0x00000000d65cc358,0x00000000d6600000)
 Metaspace       used 91083K, committed 92800K, reserved 1179648K
  class space    used 8863K, committed 9792K, reserved 1048576K
}
Event: 3187.777 GC heap after
{Heap after GC invocations=2666 (full 10):
 PSYoungGen      total 10240K, used 256K [0x00000000eab00000, 0x00000000eb680000, 0x0000000100000000)
  eden space 9216K, 0% used [0x00000000eab00000,0x00000000eab00000,0x00000000eb400000)
  from space 1024K, 25% used [0x00000000eb480000,0x00000000eb4c0000,0x00000000eb580000)
  to   space 512K, 0% used [0x00000000eb600000,0x00000000eb600000,0x00000000eb680000)
 ParOldGen       total 366592K, used 366440K [0x00000000c0000000, 0x00000000d6600000, 0x00000000eab00000)
  object space 366592K, 99% used [0x00000000c0000000,0x00000000d65da358,0x00000000d6600000)
 Metaspace       used 91083K, committed 92800K, reserved 1179648K
  class space    used 8863K, committed 9792K, reserved 1048576K
}
Event: 3187.962 GC heap before
{Heap before GC invocations=2667 (full 10):
 PSYoungGen      total 10240K, used 9472K [0x00000000eab00000, 0x00000000eb680000, 0x0000000100000000)
  eden space 9216K, 100% used [0x00000000eab00000,0x00000000eb400000,0x00000000eb400000)
  from space 1024K, 25% used [0x00000000eb480000,0x00000000eb4c0000,0x00000000eb580000)
  to   space 512K, 0% used [0x00000000eb600000,0x00000000eb600000,0x00000000eb680000)
 ParOldGen       total 366592K, used 366440K [0x00000000c0000000, 0x00000000d6600000, 0x00000000eab00000)
  object space 366592K, 99% used [0x00000000c0000000,0x00000000d65da358,0x00000000d6600000)
 Metaspace       used 91083K, committed 92800K, reserved 1179648K
  class space    used 8863K, committed 9792K, reserved 1048576K
}
Event: 3187.964 GC heap after
{Heap after GC invocations=2667 (full 10):
 PSYoungGen      total 9728K, used 464K [0x00000000eab00000, 0x00000000eb680000, 0x0000000100000000)
  eden space 9216K, 0% used [0x00000000eab00000,0x00000000eab00000,0x00000000eb400000)
  from space 512K, 90% used [0x00000000eb600000,0x00000000eb6741b0,0x00000000eb680000)
  to   space 512K, 0% used [0x00000000eb580000,0x00000000eb580000,0x00000000eb600000)
 ParOldGen       total 366592K, used 366577K [0x00000000c0000000, 0x00000000d6600000, 0x00000000eab00000)
  object space 366592K, 99% used [0x00000000c0000000,0x00000000d65fc430,0x00000000d6600000)
 Metaspace       used 91083K, committed 92800K, reserved 1179648K
  class space    used 8863K, committed 9792K, reserved 1048576K
}
Event: 3187.998 GC heap before
{Heap before GC invocations=2668 (full 10):
 PSYoungGen      total 9728K, used 9680K [0x00000000eab00000, 0x00000000eb680000, 0x0000000100000000)
  eden space 9216K, 100% used [0x00000000eab00000,0x00000000eb400000,0x00000000eb400000)
  from space 512K, 90% used [0x00000000eb600000,0x00000000eb6741b0,0x00000000eb680000)
  to   space 512K, 0% used [0x00000000eb580000,0x00000000eb580000,0x00000000eb600000)
 ParOldGen       total 366592K, used 366577K [0x00000000c0000000, 0x00000000d6600000, 0x00000000eab00000)
  object space 366592K, 99% used [0x00000000c0000000,0x00000000d65fc430,0x00000000d6600000)
 Metaspace       used 91083K, committed 92800K, reserved 1179648K
  class space    used 8863K, committed 9792K, reserved 1048576K
}
Event: 3188.001 GC heap after
{Heap after GC invocations=2668 (full 10):
 PSYoungGen      total 9728K, used 288K [0x00000000eab00000, 0x00000000eb680000, 0x0000000100000000)
  eden space 9216K, 0% used [0x00000000eab00000,0x00000000eab00000,0x00000000eb400000)
  from space 512K, 56% used [0x00000000eb580000,0x00000000eb5c8000,0x00000000eb600000)
  to   space 512K, 0% used [0x00000000eb600000,0x00000000eb600000,0x00000000eb680000)
 ParOldGen       total 367104K, used 367001K [0x00000000c0000000, 0x00000000d6680000, 0x00000000eab00000)
  object space 367104K, 99% used [0x00000000c0000000,0x00000000d66666b8,0x00000000d6680000)
 Metaspace       used 91083K, committed 92800K, reserved 1179648K
  class space    used 8863K, committed 9792K, reserved 1048576K
}
Event: 3188.469 GC heap before
{Heap before GC invocations=2669 (full 10):
 PSYoungGen      total 9728K, used 9504K [0x00000000eab00000, 0x00000000eb680000, 0x0000000100000000)
  eden space 9216K, 100% used [0x00000000eab00000,0x00000000eb400000,0x00000000eb400000)
  from space 512K, 56% used [0x00000000eb580000,0x00000000eb5c8000,0x00000000eb600000)
  to   space 512K, 0% used [0x00000000eb600000,0x00000000eb600000,0x00000000eb680000)
 ParOldGen       total 367104K, used 367001K [0x00000000c0000000, 0x00000000d6680000, 0x00000000eab00000)
  object space 367104K, 99% used [0x00000000c0000000,0x00000000d66666b8,0x00000000d6680000)
 Metaspace       used 91088K, committed 92864K, reserved 1179648K
  class space    used 8863K, committed 9792K, reserved 1048576K
}
Event: 3188.476 GC heap after
{Heap after GC invocations=2669 (full 10):
 PSYoungGen      total 9728K, used 496K [0x00000000eab00000, 0x00000000eb680000, 0x0000000100000000)
  eden space 9216K, 0% used [0x00000000eab00000,0x00000000eab00000,0x00000000eb400000)
  from space 512K, 96% used [0x00000000eb600000,0x00000000eb67c1b0,0x00000000eb680000)
  to   space 1024K, 0% used [0x00000000eb480000,0x00000000eb480000,0x00000000eb580000)
 ParOldGen       total 367616K, used 367234K [0x00000000c0000000, 0x00000000d6700000, 0x00000000eab00000)
  object space 367616K, 99% used [0x00000000c0000000,0x00000000d66a0868,0x00000000d6700000)
 Metaspace       used 91088K, committed 92864K, reserved 1179648K
  class space    used 8863K, committed 9792K, reserved 1048576K
}
Event: 3188.498 GC heap before
{Heap before GC invocations=2670 (full 10):
 PSYoungGen      total 9728K, used 9712K [0x00000000eab00000, 0x00000000eb680000, 0x0000000100000000)
  eden space 9216K, 100% used [0x00000000eab00000,0x00000000eb400000,0x00000000eb400000)
  from space 512K, 96% used [0x00000000eb600000,0x00000000eb67c1b0,0x00000000eb680000)
  to   space 1024K, 0% used [0x00000000eb480000,0x00000000eb480000,0x00000000eb580000)
 ParOldGen       total 367616K, used 367234K [0x00000000c0000000, 0x00000000d6700000, 0x00000000eab00000)
  object space 367616K, 99% used [0x00000000c0000000,0x00000000d66a0868,0x00000000d6700000)
 Metaspace       used 91088K, committed 92864K, reserved 1179648K
  class space    used 8863K, committed 9792K, reserved 1048576K
}
Event: 3188.500 GC heap after
{Heap after GC invocations=2670 (full 10):
 PSYoungGen      total 10240K, used 320K [0x00000000eab00000, 0x00000000eb680000, 0x0000000100000000)
  eden space 9216K, 0% used [0x00000000eab00000,0x00000000eab00000,0x00000000eb400000)
  from space 1024K, 31% used [0x00000000eb480000,0x00000000eb4d0000,0x00000000eb580000)
  to   space 512K, 0% used [0x00000000eb600000,0x00000000eb600000,0x00000000eb680000)
 ParOldGen       total 367616K, used 367595K [0x00000000c0000000, 0x00000000d6700000, 0x00000000eab00000)
  object space 367616K, 99% used [0x00000000c0000000,0x00000000d66faff0,0x00000000d6700000)
 Metaspace       used 91088K, committed 92864K, reserved 1179648K
  class space    used 8863K, committed 9792K, reserved 1048576K
}

