# JRE version: Java(TM) SE Runtime Environment (21.0.5+9) (build 21.0.5+9-LTS-239)
# Java VM: Java HotSpot(TM) 64-Bit Server VM (21.0.5+9-LTS-239, mixed mode, sharing, tiered, compressed oops, compressed class ptrs, g1 gc, windows-amd64)
GC Precious Log:
 CardTable entry size: 512
 Card Set container configuration: InlinePtr #cards 5 size 8 Array Of Cards #cards 12 size 40 Howl #buckets 4 coarsen threshold 1843 Howl Bitmap #cards 512 size 80 coarsen threshold 460 Card regions per heap region 1 cards per card region 2048
 CPUs: 12 total, 12 available
 Memory: 7532M
 Large Page Support: Disabled
 NUMA Support: Disabled
 Compressed Oops: Enabled (32-bit)
 Heap Region Size: 1M
 Heap Min Capacity: 8M
 Heap Initial Capacity: 118M
 Heap Max Capacity: 1884M
 Pre-touch: Disabled
 Parallel Workers: 10
 Concurrent Workers: 3
 Concurrent Refinement Workers: 10
 Periodic GC: Disabled
Heap:
 garbage-first heap   total 296960K, used 153217K [0x000000008a400000, 0x0000000100000000)
  region size 1024K, 67 young (68608K), 2 survivors (2048K)
 Metaspace       used 129160K, committed 130176K, reserved 1179648K
  class space    used 16555K, committed 17152K, reserved 1048576K
GC Heap History (20 events):
Event: 2084.452 GC heap before
{Heap before GC invocations=42 (full 0):
 garbage-first heap   total 485376K, used 316931K [0x000000008a400000, 0x0000000100000000)
  region size 1024K, 209 young (214016K), 1 survivors (1024K)
 Metaspace       used 128699K, committed 129856K, reserved 1179648K
  class space    used 16613K, committed 17152K, reserved 1048576K
}
Event: 2084.584 GC heap after
{Heap after GC invocations=43 (full 0):
 garbage-first heap   total 485376K, used 102831K [0x000000008a400000, 0x0000000100000000)
  region size 1024K, 2 young (2048K), 2 survivors (2048K)
 Metaspace       used 128699K, committed 129856K, reserved 1179648K
  class space    used 16613K, committed 17152K, reserved 1048576K
}
Event: 2200.431 GC heap before
{Heap before GC invocations=43 (full 0):
 garbage-first heap   total 485376K, used 172463K [0x000000008a400000, 0x0000000100000000)
  region size 1024K, 70 young (71680K), 2 survivors (2048K)
 Metaspace       used 128699K, committed 129856K, reserved 1179648K
  class space    used 16613K, committed 17152K, reserved 1048576K
}
Event: 2200.776 GC heap after
{Heap after GC invocations=44 (full 0):
 garbage-first heap   total 485376K, used 102792K [0x000000008a400000, 0x0000000100000000)
  region size 1024K, 2 young (2048K), 2 survivors (2048K)
 Metaspace       used 128699K, committed 129856K, reserved 1179648K
  class space    used 16613K, committed 17152K, reserved 1048576K
}
Event: 2276.763 GC heap before
{Heap before GC invocations=45 (full 0):
 garbage-first heap   total 348160K, used 149896K [0x000000008a400000, 0x0000000100000000)
  region size 1024K, 48 young (49152K), 2 survivors (2048K)
 Metaspace       used 128071K, committed 129856K, reserved 1179648K
  class space    used 16453K, committed 17152K, reserved 1048576K
}
Event: 2276.906 GC heap after
{Heap after GC invocations=46 (full 0):
 garbage-first heap   total 348160K, used 102813K [0x000000008a400000, 0x0000000100000000)
  region size 1024K, 2 young (2048K), 2 survivors (2048K)
 Metaspace       used 128071K, committed 129856K, reserved 1179648K
  class space    used 16453K, committed 17152K, reserved 1048576K
}
Event: 2611.773 GC heap before
{Heap before GC invocations=46 (full 0):
 garbage-first heap   total 348160K, used 308637K [0x000000008a400000, 0x0000000100000000)
  region size 1024K, 204 young (208896K), 2 survivors (2048K)
 Metaspace       used 128162K, committed 129856K, reserved 1179648K
  class space    used 16454K, committed 17152K, reserved 1048576K
}
Event: 2611.902 GC heap after
{Heap after GC invocations=47 (full 0):
 garbage-first heap   total 348160K, used 97483K [0x000000008a400000, 0x0000000100000000)
  region size 1024K, 2 young (2048K), 2 survivors (2048K)
 Metaspace       used 128162K, committed 129856K, reserved 1179648K
  class space    used 16454K, committed 17152K, reserved 1048576K
}
Event: 2934.657 GC heap before
{Heap before GC invocations=47 (full 0):
 garbage-first heap   total 348160K, used 304331K [0x000000008a400000, 0x0000000100000000)
  region size 1024K, 204 young (208896K), 2 survivors (2048K)
 Metaspace       used 128224K, committed 129856K, reserved 1179648K
  class space    used 16454K, committed 17152K, reserved 1048576K
}
Event: 2935.594 GC heap after
{Heap after GC invocations=48 (full 0):
 garbage-first heap   total 348160K, used 94851K [0x000000008a400000, 0x0000000100000000)
  region size 1024K, 2 young (2048K), 2 survivors (2048K)
 Metaspace       used 128224K, committed 129856K, reserved 1179648K
  class space    used 16454K, committed 17152K, reserved 1048576K
}
Event: 2957.203 GC heap before
{Heap before GC invocations=48 (full 0):
 garbage-first heap   total 348160K, used 110211K [0x000000008a400000, 0x0000000100000000)
  region size 1024K, 17 young (17408K), 2 survivors (2048K)
 Metaspace       used 128225K, committed 129856K, reserved 1179648K
  class space    used 16454K, committed 17152K, reserved 1048576K
}
Event: 2957.221 GC heap after
{Heap after GC invocations=49 (full 0):
 garbage-first heap   total 348160K, used 93011K [0x000000008a400000, 0x0000000100000000)
  region size 1024K, 2 young (2048K), 2 survivors (2048K)
 Metaspace       used 128225K, committed 129856K, reserved 1179648K
  class space    used 16454K, committed 17152K, reserved 1048576K
}
Event: 2978.678 GC heap before
{Heap before GC invocations=49 (full 0):
 garbage-first heap   total 348160K, used 108371K [0x000000008a400000, 0x0000000100000000)
  region size 1024K, 17 young (17408K), 2 survivors (2048K)
 Metaspace       used 128234K, committed 129856K, reserved 1179648K
  class space    used 16454K, committed 17152K, reserved 1048576K
}
Event: 2978.698 GC heap after
{Heap after GC invocations=50 (full 0):
 garbage-first heap   total 348160K, used 90762K [0x000000008a400000, 0x0000000100000000)
  region size 1024K, 2 young (2048K), 2 survivors (2048K)
 Metaspace       used 128234K, committed 129856K, reserved 1179648K
  class space    used 16454K, committed 17152K, reserved 1048576K
}
Event: 2998.546 GC heap before
{Heap before GC invocations=50 (full 0):
 garbage-first heap   total 348160K, used 106122K [0x000000008a400000, 0x0000000100000000)
  region size 1024K, 17 young (17408K), 2 survivors (2048K)
 Metaspace       used 128237K, committed 129856K, reserved 1179648K
  class space    used 16454K, committed 17152K, reserved 1048576K
}
Event: 2998.567 GC heap after
{Heap after GC invocations=51 (full 0):
 garbage-first heap   total 348160K, used 88812K [0x000000008a400000, 0x0000000100000000)
  region size 1024K, 2 young (2048K), 2 survivors (2048K)
 Metaspace       used 128237K, committed 129856K, reserved 1179648K
  class space    used 16454K, committed 17152K, reserved 1048576K
}
Event: 3184.435 GC heap before
{Heap before GC invocations=51 (full 0):
 garbage-first heap   total 348160K, used 237292K [0x000000008a400000, 0x0000000100000000)
  region size 1024K, 148 young (151552K), 2 survivors (2048K)
 Metaspace       used 128615K, committed 129984K, reserved 1179648K
  class space    used 16454K, committed 17152K, reserved 1048576K
}
Event: 3184.496 GC heap after
{Heap after GC invocations=52 (full 0):
 garbage-first heap   total 348160K, used 87066K [0x000000008a400000, 0x0000000100000000)
  region size 1024K, 2 young (2048K), 2 survivors (2048K)
 Metaspace       used 128615K, committed 129984K, reserved 1179648K
  class space    used 16454K, committed 17152K, reserved 1048576K
}
Event: 3500.553 GC heap before
{Heap before GC invocations=52 (full 0):
 garbage-first heap   total 348160K, used 293914K [0x000000008a400000, 0x0000000100000000)
  region size 1024K, 204 young (208896K), 2 survivors (2048K)
 Metaspace       used 128906K, committed 130112K, reserved 1179648K
  class space    used 16502K, committed 17152K, reserved 1048576K
}
Event: 3500.673 GC heap after
{Heap after GC invocations=53 (full 0):
 garbage-first heap   total 348160K, used 87681K [0x000000008a400000, 0x0000000100000000)
  region size 1024K, 2 young (2048K), 2 survivors (2048K)
 Metaspace       used 128906K, committed 130112K, reserved 1179648K
  class space    used 16502K, committed 17152K, reserved 1048576K
}

