# JRE version: Java(TM) SE Runtime Environment (21.0.5+9) (build 21.0.5+9-LTS-239)
# Java VM: Java HotSpot(TM) 64-Bit Server VM (21.0.5+9-LTS-239, mixed mode, sharing, tiered, compressed oops, compressed class ptrs, g1 gc, windows-amd64)
GC Precious Log:
 CardTable entry size: 512
 Card Set container configuration: InlinePtr #cards 5 size 8 Array Of Cards #cards 12 size 40 Howl #buckets 4 coarsen threshold 1843 Howl Bitmap #cards 512 size 80 coarsen threshold 460 Card regions per heap region 1 cards per card region 2048
 CPUs: 12 total, 12 available
 Memory: 7532M
 Large Page Support: Disabled
 NUMA Support: Disabled
 Compressed Oops: Enabled (32-bit)
 Heap Region Size: 1M
 Heap Min Capacity: 8M
 Heap Initial Capacity: 118M
 Heap Max Capacity: 1884M
 Pre-touch: Disabled
 Parallel Workers: 10
 Concurrent Workers: 3
 Concurrent Refinement Workers: 10
 Periodic GC: Disabled
Heap:
 garbage-first heap   total 434176K, used 225280K [0x000000008a400000, 0x0000000100000000)
  region size 1024K, 10 young (10240K), 10 survivors (10240K)
 Metaspace       used 77782K, committed 78592K, reserved 1179648K
  class space    used 10641K, committed 11008K, reserved 1048576K
GC Heap History (20 events):
Event: 9.258 GC heap after
{Heap after GC invocations=17 (full 0):
 garbage-first heap   total 101376K, used 55066K [0x000000008a400000, 0x0000000100000000)
  region size 1024K, 6 young (6144K), 6 survivors (6144K)
 Metaspace       used 76576K, committed 77312K, reserved 1179648K
  class space    used 10453K, committed 10816K, reserved 1048576K
}
Event: 9.312 GC heap before
{Heap before GC invocations=18 (full 0):
 garbage-first heap   total 116736K, used 87834K [0x000000008a400000, 0x0000000100000000)
  region size 1024K, 38 young (38912K), 6 survivors (6144K)
 Metaspace       used 76581K, committed 77312K, reserved 1179648K
  class space    used 10453K, committed 10816K, reserved 1048576K
}
Event: 9.321 GC heap after
{Heap after GC invocations=19 (full 0):
 garbage-first heap   total 116736K, used 62165K [0x000000008a400000, 0x0000000100000000)
  region size 1024K, 5 young (5120K), 5 survivors (5120K)
 Metaspace       used 76581K, committed 77312K, reserved 1179648K
  class space    used 10453K, committed 10816K, reserved 1048576K
}
Event: 9.368 GC heap before
{Heap before GC invocations=19 (full 0):
 garbage-first heap   total 116736K, used 98005K [0x000000008a400000, 0x0000000100000000)
  region size 1024K, 40 young (40960K), 5 survivors (5120K)
 Metaspace       used 76581K, committed 77312K, reserved 1179648K
  class space    used 10453K, committed 10816K, reserved 1048576K
}
Event: 9.382 GC heap after
{Heap after GC invocations=20 (full 0):
 garbage-first heap   total 116736K, used 73532K [0x000000008a400000, 0x0000000100000000)
  region size 1024K, 5 young (5120K), 5 survivors (5120K)
 Metaspace       used 76581K, committed 77312K, reserved 1179648K
  class space    used 10453K, committed 10816K, reserved 1048576K
}
Event: 9.417 GC heap before
{Heap before GC invocations=20 (full 0):
 garbage-first heap   total 116736K, used 100156K [0x000000008a400000, 0x0000000100000000)
  region size 1024K, 31 young (31744K), 5 survivors (5120K)
 Metaspace       used 76581K, committed 77312K, reserved 1179648K
  class space    used 10453K, committed 10816K, reserved 1048576K
}
Event: 9.426 GC heap after
{Heap after GC invocations=21 (full 0):
 garbage-first heap   total 116736K, used 83285K [0x000000008a400000, 0x0000000100000000)
  region size 1024K, 4 young (4096K), 4 survivors (4096K)
 Metaspace       used 76581K, committed 77312K, reserved 1179648K
  class space    used 10453K, committed 10816K, reserved 1048576K
}
Event: 9.534 GC heap before
{Heap before GC invocations=22 (full 0):
 garbage-first heap   total 145408K, used 98645K [0x000000008a400000, 0x0000000100000000)
  region size 1024K, 21 young (21504K), 4 survivors (4096K)
 Metaspace       used 77726K, committed 78464K, reserved 1179648K
  class space    used 10639K, committed 11008K, reserved 1048576K
}
Event: 9.538 GC heap after
{Heap after GC invocations=23 (full 0):
 garbage-first heap   total 145408K, used 85309K [0x000000008a400000, 0x0000000100000000)
  region size 1024K, 3 young (3072K), 3 survivors (3072K)
 Metaspace       used 77726K, committed 78464K, reserved 1179648K
  class space    used 10639K, committed 11008K, reserved 1048576K
}
Event: 9.615 GC heap before
{Heap before GC invocations=23 (full 0):
 garbage-first heap   total 145408K, used 124221K [0x000000008a400000, 0x0000000100000000)
  region size 1024K, 40 young (40960K), 3 survivors (3072K)
 Metaspace       used 77726K, committed 78528K, reserved 1179648K
  class space    used 10639K, committed 11008K, reserved 1048576K
}
Event: 9.633 GC heap after
{Heap after GC invocations=24 (full 0):
 garbage-first heap   total 322560K, used 99038K [0x000000008a400000, 0x0000000100000000)
  region size 1024K, 5 young (5120K), 5 survivors (5120K)
 Metaspace       used 77726K, committed 78528K, reserved 1179648K
  class space    used 10639K, committed 11008K, reserved 1048576K
}
Event: 9.891 GC heap before
{Heap before GC invocations=24 (full 0):
 garbage-first heap   total 322560K, used 251614K [0x000000008a400000, 0x0000000100000000)
  region size 1024K, 152 young (155648K), 5 survivors (5120K)
 Metaspace       used 77750K, committed 78528K, reserved 1179648K
  class space    used 10639K, committed 11008K, reserved 1048576K
}
Event: 9.917 GC heap after
{Heap after GC invocations=25 (full 0):
 garbage-first heap   total 322560K, used 124211K [0x000000008a400000, 0x0000000100000000)
  region size 1024K, 19 young (19456K), 19 survivors (19456K)
 Metaspace       used 77750K, committed 78528K, reserved 1179648K
  class space    used 10639K, committed 11008K, reserved 1048576K
}
Event: 10.052 GC heap before
{Heap before GC invocations=26 (full 0):
 garbage-first heap   total 322560K, used 235827K [0x000000008a400000, 0x0000000100000000)
  region size 1024K, 137 young (140288K), 19 survivors (19456K)
 Metaspace       used 77782K, committed 78592K, reserved 1179648K
  class space    used 10641K, committed 11008K, reserved 1048576K
}
Event: 10.096 GC heap after
{Heap after GC invocations=27 (full 0):
 garbage-first heap   total 322560K, used 142848K [0x000000008a400000, 0x0000000100000000)
  region size 1024K, 18 young (18432K), 18 survivors (18432K)
 Metaspace       used 77782K, committed 78592K, reserved 1179648K
  class space    used 10641K, committed 11008K, reserved 1048576K
}
Event: 10.248 GC heap before
{Heap before GC invocations=27 (full 0):
 garbage-first heap   total 322560K, used 262656K [0x000000008a400000, 0x0000000100000000)
  region size 1024K, 130 young (133120K), 18 survivors (18432K)
 Metaspace       used 77782K, committed 78592K, reserved 1179648K
  class space    used 10641K, committed 11008K, reserved 1048576K
}
Event: 10.292 GC heap after
{Heap after GC invocations=28 (full 0):
 garbage-first heap   total 329728K, used 185856K [0x000000008a400000, 0x0000000100000000)
  region size 1024K, 17 young (17408K), 17 survivors (17408K)
 Metaspace       used 77782K, committed 78592K, reserved 1179648K
  class space    used 10641K, committed 11008K, reserved 1048576K
}
Event: 10.390 GC heap before
{Heap before GC invocations=28 (full 0):
 garbage-first heap   total 329728K, used 268800K [0x000000008a400000, 0x0000000100000000)
  region size 1024K, 98 young (100352K), 17 survivors (17408K)
 Metaspace       used 77782K, committed 78592K, reserved 1179648K
  class space    used 10641K, committed 11008K, reserved 1048576K
}
Event: 10.418 GC heap after
{Heap after GC invocations=29 (full 0):
 garbage-first heap   total 329728K, used 210944K [0x000000008a400000, 0x0000000100000000)
  region size 1024K, 13 young (13312K), 13 survivors (13312K)
 Metaspace       used 77782K, committed 78592K, reserved 1179648K
  class space    used 10641K, committed 11008K, reserved 1048576K
}
Event: 10.535 GC heap before
{Heap before GC invocations=29 (full 0):
 garbage-first heap   total 434176K, used 266240K [0x000000008a400000, 0x0000000100000000)
  region size 1024K, 77 young (78848K), 13 survivors (13312K)
 Metaspace       used 77782K, committed 78592K, reserved 1179648K
  class space    used 10641K, committed 11008K, reserved 1048576K
}

