# JRE version: Java(TM) SE Runtime Environment (21.0.5+9) (build 21.0.5+9-LTS-239)
# Java VM: Java HotSpot(TM) 64-Bit Server VM (21.0.5+9-LTS-239, mixed mode, sharing, tiered, compressed oops, compressed class ptrs, g1 gc, windows-amd64)
GC Precious Log:
 CardTable entry size: 512
 Card Set container configuration: InlinePtr #cards 5 size 8 Array Of Cards #cards 12 size 40 Howl #buckets 4 coarsen threshold 1843 Howl Bitmap #cards 512 size 80 coarsen threshold 460 Card regions per heap region 1 cards per card region 2048
 CPUs: 12 total, 12 available
 Memory: 7532M
 Large Page Support: Disabled
 NUMA Support: Disabled
 Compressed Oops: Enabled (32-bit)
 Heap Region Size: 1M
 Heap Min Capacity: 8M
 Heap Initial Capacity: 118M
 Heap Max Capacity: 1884M
 Pre-touch: Disabled
 Parallel Workers: 10
 Concurrent Workers: 3
 Concurrent Refinement Workers: 10
 Periodic GC: Disabled
Heap:
 garbage-first heap   total 89088K, used 36967K [0x000000008a400000, 0x0000000100000000)
  region size 1024K, 11 young (11264K), 6 survivors (6144K)
 Metaspace       used 44056K, committed 44608K, reserved 1114112K
  class space    used 5561K, committed 5824K, reserved 1048576K
GC Heap History (16 events):
Event: 1.271 GC heap before
{Heap before GC invocations=0 (full 0):
 garbage-first heap   total 120832K, used 25600K [0x000000008a400000, 0x0000000100000000)
  region size 1024K, 23 young (23552K), 0 survivors (0K)
 Metaspace       used 4619K, committed 4864K, reserved 1114112K
  class space    used 504K, committed 640K, reserved 1048576K
}
Event: 1.280 GC heap after
{Heap after GC invocations=1 (full 0):
 garbage-first heap   total 120832K, used 13792K [0x000000008a400000, 0x0000000100000000)
  region size 1024K, 3 young (3072K), 3 survivors (3072K)
 Metaspace       used 4619K, committed 4864K, reserved 1114112K
  class space    used 504K, committed 640K, reserved 1048576K
}
Event: 2.360 GC heap before
{Heap before GC invocations=1 (full 0):
 garbage-first heap   total 120832K, used 36320K [0x000000008a400000, 0x0000000100000000)
  region size 1024K, 25 young (25600K), 3 survivors (3072K)
 Metaspace       used 9568K, committed 9856K, reserved 1114112K
  class space    used 1150K, committed 1280K, reserved 1048576K
}
Event: 2.366 GC heap after
{Heap after GC invocations=2 (full 0):
 garbage-first heap   total 120832K, used 15646K [0x000000008a400000, 0x0000000100000000)
  region size 1024K, 2 young (2048K), 2 survivors (2048K)
 Metaspace       used 9568K, committed 9856K, reserved 1114112K
  class space    used 1150K, committed 1280K, reserved 1048576K
}
Event: 3.912 GC heap before
{Heap before GC invocations=2 (full 0):
 garbage-first heap   total 120832K, used 60702K [0x000000008a400000, 0x0000000100000000)
  region size 1024K, 47 young (48128K), 2 survivors (2048K)
 Metaspace       used 19405K, committed 19712K, reserved 1114112K
  class space    used 2429K, committed 2560K, reserved 1048576K
}
Event: 3.918 GC heap after
{Heap after GC invocations=3 (full 0):
 garbage-first heap   total 120832K, used 19283K [0x000000008a400000, 0x0000000100000000)
  region size 1024K, 6 young (6144K), 6 survivors (6144K)
 Metaspace       used 19405K, committed 19712K, reserved 1114112K
  class space    used 2429K, committed 2560K, reserved 1048576K
}
Event: 4.088 GC heap before
{Heap before GC invocations=3 (full 0):
 garbage-first heap   total 120832K, used 29523K [0x000000008a400000, 0x0000000100000000)
  region size 1024K, 17 young (17408K), 6 survivors (6144K)
 Metaspace       used 21221K, committed 21504K, reserved 1114112K
  class space    used 2666K, committed 2752K, reserved 1048576K
}
Event: 4.093 GC heap after
{Heap after GC invocations=4 (full 0):
 garbage-first heap   total 120832K, used 20676K [0x000000008a400000, 0x0000000100000000)
  region size 1024K, 6 young (6144K), 6 survivors (6144K)
 Metaspace       used 21221K, committed 21504K, reserved 1114112K
  class space    used 2666K, committed 2752K, reserved 1048576K
}
Event: 6.162 GC heap before
{Heap before GC invocations=5 (full 0):
 garbage-first heap   total 78848K, used 75972K [0x000000008a400000, 0x0000000100000000)
  region size 1024K, 61 young (62464K), 6 survivors (6144K)
 Metaspace       used 27719K, committed 28096K, reserved 1114112K
  class space    used 3480K, committed 3648K, reserved 1048576K
}
Event: 6.170 GC heap after
{Heap after GC invocations=6 (full 0):
 garbage-first heap   total 89088K, used 25213K [0x000000008a400000, 0x0000000100000000)
  region size 1024K, 6 young (6144K), 6 survivors (6144K)
 Metaspace       used 27719K, committed 28096K, reserved 1114112K
  class space    used 3480K, committed 3648K, reserved 1048576K
}
Event: 7.702 GC heap before
{Heap before GC invocations=6 (full 0):
 garbage-first heap   total 89088K, used 69245K [0x000000008a400000, 0x0000000100000000)
  region size 1024K, 49 young (50176K), 6 survivors (6144K)
 Metaspace       used 31719K, committed 32128K, reserved 1114112K
  class space    used 3990K, committed 4160K, reserved 1048576K
}
Event: 7.711 GC heap after
{Heap after GC invocations=7 (full 0):
 garbage-first heap   total 89088K, used 27704K [0x000000008a400000, 0x0000000100000000)
  region size 1024K, 3 young (3072K), 3 survivors (3072K)
 Metaspace       used 31719K, committed 32128K, reserved 1114112K
  class space    used 3990K, committed 4160K, reserved 1048576K
}
Event: 8.603 GC heap before
{Heap before GC invocations=7 (full 0):
 garbage-first heap   total 89088K, used 48184K [0x000000008a400000, 0x0000000100000000)
  region size 1024K, 24 young (24576K), 3 survivors (3072K)
 Metaspace       used 35519K, committed 35968K, reserved 1114112K
  class space    used 4496K, committed 4736K, reserved 1048576K
}
Event: 8.607 GC heap after
{Heap after GC invocations=8 (full 0):
 garbage-first heap   total 89088K, used 29455K [0x000000008a400000, 0x0000000100000000)
  region size 1024K, 5 young (5120K), 5 survivors (5120K)
 Metaspace       used 35519K, committed 35968K, reserved 1114112K
  class space    used 4496K, committed 4736K, reserved 1048576K
}
Event: 10.882 GC heap before
{Heap before GC invocations=9 (full 0):
 garbage-first heap   total 89088K, used 74511K [0x000000008a400000, 0x0000000100000000)
  region size 1024K, 49 young (50176K), 5 survivors (5120K)
 Metaspace       used 42764K, committed 43264K, reserved 1114112K
  class space    used 5413K, committed 5632K, reserved 1048576K
}
Event: 10.890 GC heap after
{Heap after GC invocations=10 (full 0):
 garbage-first heap   total 89088K, used 32871K [0x000000008a400000, 0x0000000100000000)
  region size 1024K, 6 young (6144K), 6 survivors (6144K)
 Metaspace       used 42764K, committed 43264K, reserved 1114112K
  class space    used 5413K, committed 5632K, reserved 1048576K
}

