# JRE version: Java(TM) SE Runtime Environment (21.0.5+9) (build 21.0.5+9-LTS-239)
# Java VM: Java HotSpot(TM) 64-Bit Server VM (21.0.5+9-LTS-239, mixed mode, sharing, tiered, compressed oops, compressed class ptrs, g1 gc, windows-amd64)
GC Precious Log:
 CardTable entry size: 512
 Card Set container configuration: InlinePtr #cards 5 size 8 Array Of Cards #cards 12 size 40 Howl #buckets 4 coarsen threshold 1843 Howl Bitmap #cards 512 size 80 coarsen threshold 460 Card regions per heap region 1 cards per card region 2048
 CPUs: 12 total, 12 available
 Memory: 7532M
 Large Page Support: Disabled
 NUMA Support: Disabled
 Compressed Oops: Enabled (32-bit)
 Heap Region Size: 1M
 Heap Min Capacity: 8M
 Heap Initial Capacity: 118M
 Heap Max Capacity: 1884M
 Pre-touch: Disabled
 Parallel Workers: 10
 Concurrent Workers: 3
 Concurrent Refinement Workers: 10
 Periodic GC: Disabled
Heap:
 garbage-first heap   total 549888K, used 412549K [0x000000008a400000, 0x0000000100000000)
  region size 1024K, 253 young (259072K), 41 survivors (41984K)
 Metaspace       used 122077K, committed 123072K, reserved 1179648K
  class space    used 16094K, committed 16576K, reserved 1048576K
GC Heap History (20 events):
Event: 11.912 GC heap before
{Heap before GC invocations=19 (full 0):
 garbage-first heap   total 130048K, used 115485K [0x000000008a400000, 0x0000000100000000)
  region size 1024K, 53 young (54272K), 1 survivors (1024K)
 Metaspace       used 77776K, committed 78528K, reserved 1179648K
  class space    used 10639K, committed 11008K, reserved 1048576K
}
Event: 11.932 GC heap after
{Heap after GC invocations=20 (full 0):
 garbage-first heap   total 138240K, used 81920K [0x000000008a400000, 0x0000000100000000)
  region size 1024K, 7 young (7168K), 7 survivors (7168K)
 Metaspace       used 77776K, committed 78528K, reserved 1179648K
  class space    used 10639K, committed 11008K, reserved 1048576K
}
Event: 11.991 GC heap before
{Heap before GC invocations=20 (full 0):
 garbage-first heap   total 138240K, used 116736K [0x000000008a400000, 0x0000000100000000)
  region size 1024K, 41 young (41984K), 7 survivors (7168K)
 Metaspace       used 77777K, committed 78528K, reserved 1179648K
  class space    used 10639K, committed 11008K, reserved 1048576K
}
Event: 12.007 GC heap after
{Heap after GC invocations=21 (full 0):
 garbage-first heap   total 138240K, used 96034K [0x000000008a400000, 0x0000000100000000)
  region size 1024K, 6 young (6144K), 6 survivors (6144K)
 Metaspace       used 77777K, committed 78528K, reserved 1179648K
  class space    used 10639K, committed 11008K, reserved 1048576K
}
Event: 12.075 GC heap before
{Heap before GC invocations=22 (full 0):
 garbage-first heap   total 181248K, used 116514K [0x000000008a400000, 0x0000000100000000)
  region size 1024K, 29 young (29696K), 6 survivors (6144K)
 Metaspace       used 77777K, committed 78528K, reserved 1179648K
  class space    used 10639K, committed 11008K, reserved 1048576K
}
Event: 12.086 GC heap after
{Heap after GC invocations=23 (full 0):
 garbage-first heap   total 181248K, used 98304K [0x000000008a400000, 0x0000000100000000)
  region size 1024K, 4 young (4096K), 4 survivors (4096K)
 Metaspace       used 77777K, committed 78528K, reserved 1179648K
  class space    used 10639K, committed 11008K, reserved 1048576K
}
Event: 12.204 GC heap before
{Heap before GC invocations=23 (full 0):
 garbage-first heap   total 181248K, used 146432K [0x000000008a400000, 0x0000000100000000)
  region size 1024K, 52 young (53248K), 4 survivors (4096K)
 Metaspace       used 77777K, committed 78528K, reserved 1179648K
  class space    used 10639K, committed 11008K, reserved 1048576K
}
Event: 12.212 GC heap after
{Heap after GC invocations=24 (full 0):
 garbage-first heap   total 453632K, used 99421K [0x000000008a400000, 0x0000000100000000)
  region size 1024K, 3 young (3072K), 3 survivors (3072K)
 Metaspace       used 77777K, committed 78528K, reserved 1179648K
  class space    used 10639K, committed 11008K, reserved 1048576K
}
Event: 12.796 GC heap before
{Heap before GC invocations=24 (full 0):
 garbage-first heap   total 453632K, used 321629K [0x000000008a400000, 0x0000000100000000)
  region size 1024K, 217 young (222208K), 3 survivors (3072K)
 Metaspace       used 77796K, committed 78528K, reserved 1179648K
  class space    used 10641K, committed 11008K, reserved 1048576K
}
Event: 12.832 GC heap after
{Heap after GC invocations=25 (full 0):
 garbage-first heap   total 453632K, used 153600K [0x000000008a400000, 0x0000000100000000)
  region size 1024K, 28 young (28672K), 28 survivors (28672K)
 Metaspace       used 77796K, committed 78528K, reserved 1179648K
  class space    used 10641K, committed 11008K, reserved 1048576K
}
Event: 12.909 GC heap before
{Heap before GC invocations=25 (full 0):
 garbage-first heap   total 453632K, used 194560K [0x000000008a400000, 0x0000000100000000)
  region size 1024K, 69 young (70656K), 28 survivors (28672K)
 Metaspace       used 77796K, committed 78528K, reserved 1179648K
  class space    used 10641K, committed 11008K, reserved 1048576K
}
Event: 12.936 GC heap after
{Heap after GC invocations=26 (full 0):
 garbage-first heap   total 453632K, used 175616K [0x000000008a400000, 0x0000000100000000)
  region size 1024K, 19 young (19456K), 19 survivors (19456K)
 Metaspace       used 77796K, committed 78528K, reserved 1179648K
  class space    used 10641K, committed 11008K, reserved 1048576K
}
Event: 13.202 GC heap before
{Heap before GC invocations=27 (full 0):
 garbage-first heap   total 453632K, used 280064K [0x000000008a400000, 0x0000000100000000)
  region size 1024K, 141 young (144384K), 19 survivors (19456K)
 Metaspace       used 77797K, committed 78528K, reserved 1179648K
  class space    used 10641K, committed 11008K, reserved 1048576K
}
Event: 13.261 GC heap after
{Heap after GC invocations=28 (full 0):
 garbage-first heap   total 453632K, used 194560K [0x000000008a400000, 0x0000000100000000)
  region size 1024K, 18 young (18432K), 18 survivors (18432K)
 Metaspace       used 77797K, committed 78528K, reserved 1179648K
  class space    used 10641K, committed 11008K, reserved 1048576K
}
Event: 13.551 GC heap before
{Heap before GC invocations=28 (full 0):
 garbage-first heap   total 453632K, used 321536K [0x000000008a400000, 0x0000000100000000)
  region size 1024K, 142 young (145408K), 18 survivors (18432K)
 Metaspace       used 77867K, committed 78592K, reserved 1179648K
  class space    used 10658K, committed 11008K, reserved 1048576K
}
Event: 13.566 GC heap after
{Heap after GC invocations=29 (full 0):
 garbage-first heap   total 453632K, used 198656K [0x000000008a400000, 0x0000000100000000)
  region size 1024K, 6 young (6144K), 6 survivors (6144K)
 Metaspace       used 77867K, committed 78592K, reserved 1179648K
  class space    used 10658K, committed 11008K, reserved 1048576K
}
Event: 16.455 GC heap before
{Heap before GC invocations=29 (full 0):
 garbage-first heap   total 453632K, used 342016K [0x000000008a400000, 0x0000000100000000)
  region size 1024K, 147 young (150528K), 6 survivors (6144K)
 Metaspace       used 100683K, committed 101504K, reserved 1179648K
  class space    used 13410K, committed 13824K, reserved 1048576K
}
Event: 16.470 GC heap after
{Heap after GC invocations=30 (full 0):
 garbage-first heap   total 740352K, used 210519K [0x000000008a400000, 0x0000000100000000)
  region size 1024K, 18 young (18432K), 18 survivors (18432K)
 Metaspace       used 100683K, committed 101504K, reserved 1179648K
  class space    used 13410K, committed 13824K, reserved 1048576K
}
Event: 19.346 GC heap before
{Heap before GC invocations=31 (full 0):
 garbage-first heap   total 549888K, used 471639K [0x000000008a400000, 0x0000000100000000)
  region size 1024K, 322 young (329728K), 18 survivors (18432K)
 Metaspace       used 105670K, committed 106560K, reserved 1179648K
  class space    used 14029K, committed 14464K, reserved 1048576K
}
Event: 19.381 GC heap after
{Heap after GC invocations=32 (full 0):
 garbage-first heap   total 549888K, used 197509K [0x000000008a400000, 0x0000000100000000)
  region size 1024K, 41 young (41984K), 41 survivors (41984K)
 Metaspace       used 105670K, committed 106560K, reserved 1179648K
  class space    used 14029K, committed 14464K, reserved 1048576K
}

