# JRE version: Java(TM) SE Runtime Environment (21.0.5+9) (build 21.0.5+9-LTS-239)
# Java VM: Java HotSpot(TM) 64-Bit Server VM (21.0.5+9-LTS-239, mixed mode, sharing, tiered, compressed oops, compressed class ptrs, g1 gc, windows-amd64)
GC Precious Log:
 CardTable entry size: 512
 Card Set container configuration: InlinePtr #cards 5 size 8 Array Of Cards #cards 12 size 40 Howl #buckets 4 coarsen threshold 1843 Howl Bitmap #cards 512 size 80 coarsen threshold 460 Card regions per heap region 1 cards per card region 2048
 CPUs: 12 total, 12 available
 Memory: 7532M
 Large Page Support: Disabled
 NUMA Support: Disabled
 Compressed Oops: Enabled (32-bit)
 Heap Region Size: 1M
 Heap Min Capacity: 8M
 Heap Initial Capacity: 118M
 Heap Max Capacity: 1884M
 Pre-touch: Disabled
 Parallel Workers: 10
 Concurrent Workers: 3
 Concurrent Refinement Workers: 10
 Periodic GC: Disabled
Heap:
 garbage-first heap   total 233472K, used 152576K [0x000000008a400000, 0x0000000100000000)
  region size 1024K, 8 young (8192K), 8 survivors (8192K)
 Metaspace       used 77789K, committed 78592K, reserved 1179648K
  class space    used 10640K, committed 11008K, reserved 1048576K
GC Heap History (20 events):
Event: 9.721 GC heap after
{Heap after GC invocations=16 (full 0):
 garbage-first heap   total 122880K, used 49155K [0x000000008a400000, 0x0000000100000000)
  region size 1024K, 5 young (5120K), 5 survivors (5120K)
 Metaspace       used 75891K, committed 76672K, reserved 1179648K
  class space    used 10344K, committed 10688K, reserved 1048576K
}
Event: 9.845 GC heap before
{Heap before GC invocations=16 (full 0):
 garbage-first heap   total 122880K, used 109571K [0x000000008a400000, 0x0000000100000000)
  region size 1024K, 64 young (65536K), 5 survivors (5120K)
 Metaspace       used 75908K, committed 76672K, reserved 1179648K
  class space    used 10344K, committed 10688K, reserved 1048576K
}
Event: 9.856 GC heap after
{Heap after GC invocations=17 (full 0):
 garbage-first heap   total 123904K, used 57848K [0x000000008a400000, 0x0000000100000000)
  region size 1024K, 8 young (8192K), 8 survivors (8192K)
 Metaspace       used 75908K, committed 76672K, reserved 1179648K
  class space    used 10344K, committed 10688K, reserved 1048576K
}
Event: 10.095 GC heap before
{Heap before GC invocations=18 (full 0):
 garbage-first heap   total 123904K, used 105976K [0x000000008a400000, 0x0000000100000000)
  region size 1024K, 56 young (57344K), 8 survivors (8192K)
 Metaspace       used 77769K, committed 78592K, reserved 1179648K
  class space    used 10639K, committed 11008K, reserved 1048576K
}
Event: 10.112 GC heap after
{Heap after GC invocations=19 (full 0):
 garbage-first heap   total 129024K, used 70942K [0x000000008a400000, 0x0000000100000000)
  region size 1024K, 7 young (7168K), 7 survivors (7168K)
 Metaspace       used 77769K, committed 78592K, reserved 1179648K
  class space    used 10639K, committed 11008K, reserved 1048576K
}
Event: 10.221 GC heap before
{Heap before GC invocations=19 (full 0):
 garbage-first heap   total 129024K, used 110878K [0x000000008a400000, 0x0000000100000000)
  region size 1024K, 45 young (46080K), 7 survivors (7168K)
 Metaspace       used 77771K, committed 78592K, reserved 1179648K
  class space    used 10639K, committed 11008K, reserved 1048576K
}
Event: 10.241 GC heap after
{Heap after GC invocations=20 (full 0):
 garbage-first heap   total 135168K, used 87552K [0x000000008a400000, 0x0000000100000000)
  region size 1024K, 6 young (6144K), 6 survivors (6144K)
 Metaspace       used 77771K, committed 78592K, reserved 1179648K
  class space    used 10639K, committed 11008K, reserved 1048576K
}
Event: 10.299 GC heap before
{Heap before GC invocations=20 (full 0):
 garbage-first heap   total 135168K, used 115200K [0x000000008a400000, 0x0000000100000000)
  region size 1024K, 33 young (33792K), 6 survivors (6144K)
 Metaspace       used 77771K, committed 78592K, reserved 1179648K
  class space    used 10639K, committed 11008K, reserved 1048576K
}
Event: 10.315 GC heap after
{Heap after GC invocations=21 (full 0):
 garbage-first heap   total 233472K, used 99840K [0x000000008a400000, 0x0000000100000000)
  region size 1024K, 5 young (5120K), 5 survivors (5120K)
 Metaspace       used 77771K, committed 78592K, reserved 1179648K
  class space    used 10639K, committed 11008K, reserved 1048576K
}
Event: 10.519 GC heap before
{Heap before GC invocations=22 (full 0):
 garbage-first heap   total 233472K, used 172544K [0x000000008a400000, 0x0000000100000000)
  region size 1024K, 78 young (79872K), 5 survivors (5120K)
 Metaspace       used 77776K, committed 78592K, reserved 1179648K
  class space    used 10639K, committed 11008K, reserved 1048576K
}
Event: 10.540 GC heap after
{Heap after GC invocations=23 (full 0):
 garbage-first heap   total 233472K, used 120733K [0x000000008a400000, 0x0000000100000000)
  region size 1024K, 10 young (10240K), 10 survivors (10240K)
 Metaspace       used 77776K, committed 78592K, reserved 1179648K
  class space    used 10639K, committed 11008K, reserved 1048576K
}
Event: 10.630 GC heap before
{Heap before GC invocations=23 (full 0):
 garbage-first heap   total 233472K, used 183197K [0x000000008a400000, 0x0000000100000000)
  region size 1024K, 71 young (72704K), 10 survivors (10240K)
 Metaspace       used 77776K, committed 78592K, reserved 1179648K
  class space    used 10639K, committed 11008K, reserved 1048576K
}
Event: 10.641 GC heap after
{Heap after GC invocations=24 (full 0):
 garbage-first heap   total 233472K, used 122721K [0x000000008a400000, 0x0000000100000000)
  region size 1024K, 4 young (4096K), 4 survivors (4096K)
 Metaspace       used 77776K, committed 78592K, reserved 1179648K
  class space    used 10639K, committed 11008K, reserved 1048576K
}
Event: 10.729 GC heap before
{Heap before GC invocations=24 (full 0):
 garbage-first heap   total 233472K, used 188257K [0x000000008a400000, 0x0000000100000000)
  region size 1024K, 68 young (69632K), 4 survivors (4096K)
 Metaspace       used 77789K, committed 78592K, reserved 1179648K
  class space    used 10640K, committed 11008K, reserved 1048576K
}
Event: 10.739 GC heap after
{Heap after GC invocations=25 (full 0):
 garbage-first heap   total 233472K, used 131830K [0x000000008a400000, 0x0000000100000000)
  region size 1024K, 9 young (9216K), 9 survivors (9216K)
 Metaspace       used 77789K, committed 78592K, reserved 1179648K
  class space    used 10640K, committed 11008K, reserved 1048576K
}
Event: 10.850 GC heap before
{Heap before GC invocations=26 (full 0):
 garbage-first heap   total 233472K, used 170742K [0x000000008a400000, 0x0000000100000000)
  region size 1024K, 69 young (70656K), 9 survivors (9216K)
 Metaspace       used 77789K, committed 78592K, reserved 1179648K
  class space    used 10640K, committed 11008K, reserved 1048576K
}
Event: 10.879 GC heap after
{Heap after GC invocations=27 (full 0):
 garbage-first heap   total 233472K, used 137216K [0x000000008a400000, 0x0000000100000000)
  region size 1024K, 9 young (9216K), 9 survivors (9216K)
 Metaspace       used 77789K, committed 78592K, reserved 1179648K
  class space    used 10640K, committed 11008K, reserved 1048576K
}
Event: 10.969 GC heap before
{Heap before GC invocations=27 (full 0):
 garbage-first heap   total 233472K, used 189440K [0x000000008a400000, 0x0000000100000000)
  region size 1024K, 60 young (61440K), 9 survivors (9216K)
 Metaspace       used 77789K, committed 78592K, reserved 1179648K
  class space    used 10640K, committed 11008K, reserved 1048576K
}
Event: 10.996 GC heap after
{Heap after GC invocations=28 (full 0):
 garbage-first heap   total 233472K, used 135168K [0x000000008a400000, 0x0000000100000000)
  region size 1024K, 8 young (8192K), 8 survivors (8192K)
 Metaspace       used 77789K, committed 78592K, reserved 1179648K
  class space    used 10640K, committed 11008K, reserved 1048576K
}
Event: 11.078 GC heap before
{Heap before GC invocations=28 (full 0):
 garbage-first heap   total 233472K, used 190464K [0x000000008a400000, 0x0000000100000000)
  region size 1024K, 59 young (60416K), 8 survivors (8192K)
 Metaspace       used 77789K, committed 78592K, reserved 1179648K
  class space    used 10640K, committed 11008K, reserved 1048576K
}

