# JRE version: Java(TM) SE Runtime Environment (21.0.5+9) (build 21.0.5+9-LTS-239)
# Java VM: Java HotSpot(TM) 64-Bit Server VM (21.0.5+9-LTS-239, mixed mode, sharing, tiered, compressed oops, compressed class ptrs, g1 gc, windows-amd64)
GC Precious Log:
 CardTable entry size: 512
 Card Set container configuration: InlinePtr #cards 5 size 8 Array Of Cards #cards 12 size 40 Howl #buckets 4 coarsen threshold 1843 Howl Bitmap #cards 512 size 80 coarsen threshold 460 Card regions per heap region 1 cards per card region 2048
 CPUs: 12 total, 12 available
 Memory: 7532M
 Large Page Support: Disabled
 NUMA Support: Disabled
 Compressed Oops: Enabled (32-bit)
 Heap Region Size: 1M
 Heap Min Capacity: 8M
 Heap Initial Capacity: 118M
 Heap Max Capacity: 1884M
 Pre-touch: Disabled
 Parallel Workers: 10
 Concurrent Workers: 3
 Concurrent Refinement Workers: 10
 Periodic GC: Disabled
Heap:
 garbage-first heap   total 362496K, used 219992K [0x000000008a400000, 0x0000000100000000)
  region size 1024K, 10 young (10240K), 10 survivors (10240K)
 Metaspace       used 77815K, committed 78592K, reserved 1179648K
  class space    used 10647K, committed 11008K, reserved 1048576K
GC Heap History (20 events):
Event: 14.013 GC heap after
{Heap after GC invocations=23 (full 0):
 garbage-first heap   total 124928K, used 77629K [0x000000008a400000, 0x0000000100000000)
  region size 1024K, 6 young (6144K), 6 survivors (6144K)
 Metaspace       used 77783K, committed 78528K, reserved 1179648K
  class space    used 10645K, committed 11008K, reserved 1048576K
}
Event: 14.070 GC heap before
{Heap before GC invocations=23 (full 0):
 garbage-first heap   total 124928K, used 105277K [0x000000008a400000, 0x0000000100000000)
  region size 1024K, 32 young (32768K), 6 survivors (6144K)
 Metaspace       used 77792K, committed 78528K, reserved 1179648K
  class space    used 10645K, committed 11008K, reserved 1048576K
}
Event: 14.083 GC heap after
{Heap after GC invocations=24 (full 0):
 garbage-first heap   total 124928K, used 88387K [0x000000008a400000, 0x0000000100000000)
  region size 1024K, 4 young (4096K), 4 survivors (4096K)
 Metaspace       used 77792K, committed 78528K, reserved 1179648K
  class space    used 10645K, committed 11008K, reserved 1048576K
}
Event: 14.136 GC heap before
{Heap before GC invocations=24 (full 0):
 garbage-first heap   total 124928K, used 106819K [0x000000008a400000, 0x0000000100000000)
  region size 1024K, 22 young (22528K), 4 survivors (4096K)
 Metaspace       used 77792K, committed 78528K, reserved 1179648K
  class space    used 10645K, committed 11008K, reserved 1048576K
}
Event: 14.147 GC heap after
{Heap after GC invocations=25 (full 0):
 garbage-first heap   total 124928K, used 96045K [0x000000008a400000, 0x0000000100000000)
  region size 1024K, 3 young (3072K), 3 survivors (3072K)
 Metaspace       used 77792K, committed 78528K, reserved 1179648K
  class space    used 10645K, committed 11008K, reserved 1048576K
}
Event: 14.218 GC heap before
{Heap before GC invocations=25 (full 0):
 garbage-first heap   total 181248K, used 110381K [0x000000008a400000, 0x0000000100000000)
  region size 1024K, 17 young (17408K), 3 survivors (3072K)
 Metaspace       used 77793K, committed 78528K, reserved 1179648K
  class space    used 10645K, committed 11008K, reserved 1048576K
}
Event: 14.224 GC heap after
{Heap after GC invocations=26 (full 0):
 garbage-first heap   total 181248K, used 102400K [0x000000008a400000, 0x0000000100000000)
  region size 1024K, 3 young (3072K), 3 survivors (3072K)
 Metaspace       used 77793K, committed 78528K, reserved 1179648K
  class space    used 10645K, committed 11008K, reserved 1048576K
}
Event: 14.352 GC heap before
{Heap before GC invocations=27 (full 0):
 garbage-first heap   total 181248K, used 147456K [0x000000008a400000, 0x0000000100000000)
  region size 1024K, 45 young (46080K), 3 survivors (3072K)
 Metaspace       used 77793K, committed 78528K, reserved 1179648K
  class space    used 10645K, committed 11008K, reserved 1048576K
}
Event: 14.368 GC heap after
{Heap after GC invocations=28 (full 0):
 garbage-first heap   total 181248K, used 115927K [0x000000008a400000, 0x0000000100000000)
  region size 1024K, 6 young (6144K), 6 survivors (6144K)
 Metaspace       used 77793K, committed 78528K, reserved 1179648K
  class space    used 10645K, committed 11008K, reserved 1048576K
}
Event: 14.463 GC heap before
{Heap before GC invocations=28 (full 0):
 garbage-first heap   total 181248K, used 150743K [0x000000008a400000, 0x0000000100000000)
  region size 1024K, 40 young (40960K), 6 survivors (6144K)
 Metaspace       used 77793K, committed 78528K, reserved 1179648K
  class space    used 10645K, committed 11008K, reserved 1048576K
}
Event: 14.482 GC heap after
{Heap after GC invocations=29 (full 0):
 garbage-first heap   total 362496K, used 118253K [0x000000008a400000, 0x0000000100000000)
  region size 1024K, 5 young (5120K), 5 survivors (5120K)
 Metaspace       used 77793K, committed 78528K, reserved 1179648K
  class space    used 10645K, committed 11008K, reserved 1048576K
}
Event: 15.180 GC heap before
{Heap before GC invocations=29 (full 0):
 garbage-first heap   total 362496K, used 266733K [0x000000008a400000, 0x0000000100000000)
  region size 1024K, 149 young (152576K), 5 survivors (5120K)
 Metaspace       used 77810K, committed 78592K, reserved 1179648K
  class space    used 10647K, committed 11008K, reserved 1048576K
}
Event: 15.257 GC heap after
{Heap after GC invocations=30 (full 0):
 garbage-first heap   total 362496K, used 145965K [0x000000008a400000, 0x0000000100000000)
  region size 1024K, 19 young (19456K), 19 survivors (19456K)
 Metaspace       used 77810K, committed 78592K, reserved 1179648K
  class space    used 10647K, committed 11008K, reserved 1048576K
}
Event: 15.327 GC heap before
{Heap before GC invocations=30 (full 0):
 garbage-first heap   total 362496K, used 169517K [0x000000008a400000, 0x0000000100000000)
  region size 1024K, 43 young (44032K), 19 survivors (19456K)
 Metaspace       used 77810K, committed 78592K, reserved 1179648K
  class space    used 10647K, committed 11008K, reserved 1048576K
}
Event: 15.349 GC heap after
{Heap after GC invocations=31 (full 0):
 garbage-first heap   total 362496K, used 159007K [0x000000008a400000, 0x0000000100000000)
  region size 1024K, 11 young (11264K), 11 survivors (11264K)
 Metaspace       used 77810K, committed 78592K, reserved 1179648K
  class space    used 10647K, committed 11008K, reserved 1048576K
}
Event: 15.777 GC heap before
{Heap before GC invocations=32 (full 0):
 garbage-first heap   total 362496K, used 273695K [0x000000008a400000, 0x0000000100000000)
  region size 1024K, 125 young (128000K), 11 survivors (11264K)
 Metaspace       used 77810K, committed 78592K, reserved 1179648K
  class space    used 10647K, committed 11008K, reserved 1048576K
}
Event: 15.823 GC heap after
{Heap after GC invocations=33 (full 0):
 garbage-first heap   total 362496K, used 202752K [0x000000008a400000, 0x0000000100000000)
  region size 1024K, 16 young (16384K), 16 survivors (16384K)
 Metaspace       used 77810K, committed 78592K, reserved 1179648K
  class space    used 10647K, committed 11008K, reserved 1048576K
}
Event: 15.945 GC heap before
{Heap before GC invocations=33 (full 0):
 garbage-first heap   total 362496K, used 288768K [0x000000008a400000, 0x0000000100000000)
  region size 1024K, 99 young (101376K), 16 survivors (16384K)
 Metaspace       used 77812K, committed 78592K, reserved 1179648K
  class space    used 10647K, committed 11008K, reserved 1048576K
}
Event: 15.986 GC heap after
{Heap after GC invocations=34 (full 0):
 garbage-first heap   total 362496K, used 208384K [0x000000008a400000, 0x0000000100000000)
  region size 1024K, 13 young (13312K), 13 survivors (13312K)
 Metaspace       used 77812K, committed 78592K, reserved 1179648K
  class space    used 10647K, committed 11008K, reserved 1048576K
}
Event: 16.100 GC heap before
{Heap before GC invocations=34 (full 0):
 garbage-first heap   total 362496K, used 289280K [0x000000008a400000, 0x0000000100000000)
  region size 1024K, 92 young (94208K), 13 survivors (13312K)
 Metaspace       used 77815K, committed 78592K, reserved 1179648K
  class space    used 10647K, committed 11008K, reserved 1048576K
}

