# JRE version: Java(TM) SE Runtime Environment (21.0.5+9) (build 21.0.5+9-LTS-239)
# Java VM: Java HotSpot(TM) 64-Bit Server VM (21.0.5+9-LTS-239, mixed mode, sharing, tiered, compressed oops, compressed class ptrs, g1 gc, windows-amd64)
GC Precious Log:
 CardTable entry size: 512
 Card Set container configuration: InlinePtr #cards 5 size 8 Array Of Cards #cards 12 size 40 Howl #buckets 4 coarsen threshold 1843 Howl Bitmap #cards 512 size 80 coarsen threshold 460 Card regions per heap region 1 cards per card region 2048
 CPUs: 12 total, 12 available
 Memory: 7532M
 Large Page Support: Disabled
 NUMA Support: Disabled
 Compressed Oops: Enabled (32-bit)
 Heap Region Size: 1M
 Heap Min Capacity: 8M
 Heap Initial Capacity: 118M
 Heap Max Capacity: 1884M
 Pre-touch: Disabled
 Parallel Workers: 10
 Concurrent Workers: 3
 Concurrent Refinement Workers: 10
 Periodic GC: Disabled
Heap:
 garbage-first heap   total 508928K, used 111477K [0x000000008a400000, 0x0000000100000000)
  region size 1024K, 10 young (10240K), 4 survivors (4096K)
 Metaspace       used 135346K, committed 136704K, reserved 1179648K
  class space    used 17511K, committed 18240K, reserved 1048576K
GC Heap History (20 events):
Event: 12.391 GC heap before
{Heap before GC invocations=35 (full 0):
 garbage-first heap   total 658432K, used 413184K [0x000000008a400000, 0x0000000100000000)
  region size 1024K, 250 young (256000K), 10 survivors (10240K)
 Metaspace       used 82468K, committed 83200K, reserved 1179648K
  class space    used 11274K, committed 11584K, reserved 1048576K
}
Event: 12.433 GC heap after
{Heap after GC invocations=36 (full 0):
 garbage-first heap   total 658432K, used 202240K [0x000000008a400000, 0x0000000100000000)
  region size 1024K, 32 young (32768K), 32 survivors (32768K)
 Metaspace       used 82468K, committed 83200K, reserved 1179648K
  class space    used 11274K, committed 11584K, reserved 1048576K
}
Event: 15.083 GC heap before
{Heap before GC invocations=36 (full 0):
 garbage-first heap   total 658432K, used 432640K [0x000000008a400000, 0x0000000100000000)
  region size 1024K, 258 young (264192K), 32 survivors (32768K)
 Metaspace       used 104004K, committed 104832K, reserved 1179648K
  class space    used 13773K, committed 14144K, reserved 1048576K
}
Event: 15.111 GC heap after
{Heap after GC invocations=37 (full 0):
 garbage-first heap   total 658432K, used 221312K [0x000000008a400000, 0x0000000100000000)
  region size 1024K, 17 young (17408K), 17 survivors (17408K)
 Metaspace       used 104004K, committed 104832K, reserved 1179648K
  class space    used 13773K, committed 14144K, reserved 1048576K
}
Event: 15.628 GC heap before
{Heap before GC invocations=37 (full 0):
 garbage-first heap   total 658432K, used 468096K [0x000000008a400000, 0x0000000100000000)
  region size 1024K, 257 young (263168K), 17 survivors (17408K)
 Metaspace       used 105888K, committed 106816K, reserved 1179648K
  class space    used 14038K, committed 14464K, reserved 1048576K
}
Event: 15.659 GC heap after
{Heap after GC invocations=38 (full 0):
 garbage-first heap   total 658432K, used 259584K [0x000000008a400000, 0x0000000100000000)
  region size 1024K, 33 young (33792K), 33 survivors (33792K)
 Metaspace       used 105888K, committed 106816K, reserved 1179648K
  class space    used 14038K, committed 14464K, reserved 1048576K
}
Event: 52.937 GC heap before
{Heap before GC invocations=38 (full 0):
 garbage-first heap   total 658432K, used 469504K [0x000000008a400000, 0x0000000100000000)
  region size 1024K, 240 young (245760K), 33 survivors (33792K)
 Metaspace       used 129693K, committed 130816K, reserved 1179648K
  class space    used 17198K, committed 17728K, reserved 1048576K
}
Event: 53.205 GC heap after
{Heap after GC invocations=39 (full 0):
 garbage-first heap   total 658432K, used 285184K [0x000000008a400000, 0x0000000100000000)
  region size 1024K, 24 young (24576K), 24 survivors (24576K)
 Metaspace       used 129693K, committed 130816K, reserved 1179648K
  class space    used 17198K, committed 17728K, reserved 1048576K
}
Event: 360.800 GC heap before
{Heap before GC invocations=40 (full 0):
 garbage-first heap   total 658432K, used 431616K [0x000000008a400000, 0x0000000100000000)
  region size 1024K, 244 young (249856K), 24 survivors (24576K)
 Metaspace       used 133426K, committed 134592K, reserved 1179648K
  class space    used 17638K, committed 18176K, reserved 1048576K
}
Event: 361.019 GC heap after
{Heap after GC invocations=41 (full 0):
 garbage-first heap   total 658432K, used 210495K [0x000000008a400000, 0x0000000100000000)
  region size 1024K, 5 young (5120K), 5 survivors (5120K)
 Metaspace       used 133426K, committed 134592K, reserved 1179648K
  class space    used 17638K, committed 18176K, reserved 1048576K
}
Event: 821.320 GC heap before
{Heap before GC invocations=41 (full 0):
 garbage-first heap   total 658432K, used 506431K [0x000000008a400000, 0x0000000100000000)
  region size 1024K, 294 young (301056K), 5 survivors (5120K)
 Metaspace       used 134001K, committed 135232K, reserved 1179648K
  class space    used 17639K, committed 18176K, reserved 1048576K
}
Event: 821.395 GC heap after
{Heap after GC invocations=42 (full 0):
 garbage-first heap   total 658432K, used 166922K [0x000000008a400000, 0x0000000100000000)
  region size 1024K, 3 young (3072K), 3 survivors (3072K)
 Metaspace       used 134001K, committed 135232K, reserved 1179648K
  class space    used 17639K, committed 18176K, reserved 1048576K
}
Event: 1409.460 GC heap before
{Heap before GC invocations=42 (full 0):
 garbage-first heap   total 658432K, used 558090K [0x000000008a400000, 0x0000000100000000)
  region size 1024K, 385 young (394240K), 3 survivors (3072K)
 Metaspace       used 134819K, committed 136064K, reserved 1179648K
  class space    used 17661K, committed 18240K, reserved 1048576K
}
Event: 1409.538 GC heap after
{Heap after GC invocations=43 (full 0):
 garbage-first heap   total 658432K, used 166691K [0x000000008a400000, 0x0000000100000000)
  region size 1024K, 3 young (3072K), 3 survivors (3072K)
 Metaspace       used 134819K, committed 136064K, reserved 1179648K
  class space    used 17661K, committed 18240K, reserved 1048576K
}
Event: 2016.409 GC heap before
{Heap before GC invocations=43 (full 0):
 garbage-first heap   total 658432K, used 557859K [0x000000008a400000, 0x0000000100000000)
  region size 1024K, 385 young (394240K), 3 survivors (3072K)
 Metaspace       used 135112K, committed 136320K, reserved 1179648K
  class space    used 17662K, committed 18240K, reserved 1048576K
}
Event: 2016.540 GC heap after
{Heap after GC invocations=44 (full 0):
 garbage-first heap   total 658432K, used 167052K [0x000000008a400000, 0x0000000100000000)
  region size 1024K, 3 young (3072K), 3 survivors (3072K)
 Metaspace       used 135112K, committed 136320K, reserved 1179648K
  class space    used 17662K, committed 18240K, reserved 1048576K
}
Event: 2479.262 GC heap before
{Heap before GC invocations=45 (full 0):
 garbage-first heap   total 508928K, used 451724K [0x000000008a400000, 0x0000000100000000)
  region size 1024K, 298 young (305152K), 3 survivors (3072K)
 Metaspace       used 134865K, committed 136384K, reserved 1179648K
  class space    used 17505K, committed 18240K, reserved 1048576K
}
Event: 2479.406 GC heap after
{Heap after GC invocations=46 (full 0):
 garbage-first heap   total 508928K, used 150135K [0x000000008a400000, 0x0000000100000000)
  region size 1024K, 4 young (4096K), 4 survivors (4096K)
 Metaspace       used 134865K, committed 136384K, reserved 1179648K
  class space    used 17505K, committed 18240K, reserved 1048576K
}
Event: 2924.923 GC heap before
{Heap before GC invocations=46 (full 0):
 garbage-first heap   total 508928K, used 450167K [0x000000008a400000, 0x0000000100000000)
  region size 1024K, 298 young (305152K), 4 survivors (4096K)
 Metaspace       used 135339K, committed 136704K, reserved 1179648K
  class space    used 17511K, committed 18240K, reserved 1048576K
}
Event: 2925.165 GC heap after
{Heap after GC invocations=47 (full 0):
 garbage-first heap   total 508928K, used 106357K [0x000000008a400000, 0x0000000100000000)
  region size 1024K, 4 young (4096K), 4 survivors (4096K)
 Metaspace       used 135339K, committed 136704K, reserved 1179648K
  class space    used 17511K, committed 18240K, reserved 1048576K
}

