# JRE version: Java(TM) SE Runtime Environment (21.0.5+9) (build 21.0.5+9-LTS-239)
# Java VM: Java HotSpot(TM) 64-Bit Server VM (21.0.5+9-LTS-239, mixed mode, sharing, tiered, compressed oops, compressed class ptrs, g1 gc, windows-amd64)
GC Precious Log:
 CardTable entry size: 512
 Card Set container configuration: InlinePtr #cards 5 size 8 Array Of Cards #cards 12 size 40 Howl #buckets 4 coarsen threshold 1843 Howl Bitmap #cards 512 size 80 coarsen threshold 460 Card regions per heap region 1 cards per card region 2048
 CPUs: 12 total, 12 available
 Memory: 7532M
 Large Page Support: Disabled
 NUMA Support: Disabled
 Compressed Oops: Enabled (32-bit)
 Heap Region Size: 1M
 Heap Min Capacity: 8M
 Heap Initial Capacity: 118M
 Heap Max Capacity: 1884M
 Pre-touch: Disabled
 Parallel Workers: 10
 Concurrent Workers: 3
 Concurrent Refinement Workers: 10
 Periodic GC: Disabled
Heap:
 garbage-first heap   total 458752K, used 243095K [0x000000008a400000, 0x0000000100000000)
  region size 1024K, 17 young (17408K), 17 survivors (17408K)
 Metaspace       used 77921K, committed 78656K, reserved 1179648K
  class space    used 10656K, committed 11008K, reserved 1048576K
GC Heap History (20 events):
Event: 15.062 GC heap after
{Heap after GC invocations=19 (full 0):
 garbage-first heap   total 153600K, used 75057K [0x000000008a400000, 0x0000000100000000)
  region size 1024K, 4 young (4096K), 4 survivors (4096K)
 Metaspace       used 74112K, committed 74816K, reserved 1114112K
  class space    used 9969K, committed 10304K, reserved 1048576K
}
Event: 15.195 GC heap before
{Heap before GC invocations=19 (full 0):
 garbage-first heap   total 153600K, used 120113K [0x000000008a400000, 0x0000000100000000)
  region size 1024K, 46 young (47104K), 4 survivors (4096K)
 Metaspace       used 74112K, committed 74816K, reserved 1114112K
  class space    used 9969K, committed 10304K, reserved 1048576K
}
Event: 15.216 GC heap after
{Heap after GC invocations=20 (full 0):
 garbage-first heap   total 153600K, used 93184K [0x000000008a400000, 0x0000000100000000)
  region size 1024K, 6 young (6144K), 6 survivors (6144K)
 Metaspace       used 74112K, committed 74816K, reserved 1114112K
  class space    used 9969K, committed 10304K, reserved 1048576K
}
Event: 15.275 GC heap before
{Heap before GC invocations=20 (full 0):
 garbage-first heap   total 153600K, used 124928K [0x000000008a400000, 0x0000000100000000)
  region size 1024K, 37 young (37888K), 6 survivors (6144K)
 Metaspace       used 74113K, committed 74816K, reserved 1114112K
  class space    used 9970K, committed 10304K, reserved 1048576K
}
Event: 15.285 GC heap after
{Heap after GC invocations=21 (full 0):
 garbage-first heap   total 153600K, used 101376K [0x000000008a400000, 0x0000000100000000)
  region size 1024K, 5 young (5120K), 5 survivors (5120K)
 Metaspace       used 74113K, committed 74816K, reserved 1114112K
  class space    used 9970K, committed 10304K, reserved 1048576K
}
Event: 15.344 GC heap before
{Heap before GC invocations=21 (full 0):
 garbage-first heap   total 153600K, used 129024K [0x000000008a400000, 0x0000000100000000)
  region size 1024K, 32 young (32768K), 5 survivors (5120K)
 Metaspace       used 74113K, committed 74816K, reserved 1114112K
  class space    used 9970K, committed 10304K, reserved 1048576K
}
Event: 15.354 GC heap after
{Heap after GC invocations=22 (full 0):
 garbage-first heap   total 153600K, used 110592K [0x000000008a400000, 0x0000000100000000)
  region size 1024K, 4 young (4096K), 4 survivors (4096K)
 Metaspace       used 74113K, committed 74816K, reserved 1114112K
  class space    used 9970K, committed 10304K, reserved 1048576K
}
Event: 15.415 GC heap before
{Heap before GC invocations=23 (full 0):
 garbage-first heap   total 193536K, used 130048K [0x000000008a400000, 0x0000000100000000)
  region size 1024K, 26 young (26624K), 4 survivors (4096K)
 Metaspace       used 74113K, committed 74816K, reserved 1114112K
  class space    used 9970K, committed 10304K, reserved 1048576K
}
Event: 15.421 GC heap after
{Heap after GC invocations=24 (full 0):
 garbage-first heap   total 193536K, used 111908K [0x000000008a400000, 0x0000000100000000)
  region size 1024K, 4 young (4096K), 4 survivors (4096K)
 Metaspace       used 74113K, committed 74816K, reserved 1114112K
  class space    used 9970K, committed 10304K, reserved 1048576K
}
Event: 15.498 GC heap before
{Heap before GC invocations=24 (full 0):
 garbage-first heap   total 193536K, used 160036K [0x000000008a400000, 0x0000000100000000)
  region size 1024K, 51 young (52224K), 4 survivors (4096K)
 Metaspace       used 74113K, committed 74816K, reserved 1114112K
  class space    used 9970K, committed 10304K, reserved 1048576K
}
Event: 15.502 GC heap after
{Heap after GC invocations=25 (full 0):
 garbage-first heap   total 458752K, used 109230K [0x000000008a400000, 0x0000000100000000)
  region size 1024K, 1 young (1024K), 1 survivors (1024K)
 Metaspace       used 74113K, committed 74816K, reserved 1114112K
  class space    used 9970K, committed 10304K, reserved 1048576K
}
Event: 16.112 GC heap before
{Heap before GC invocations=25 (full 0):
 garbage-first heap   total 458752K, used 332462K [0x000000008a400000, 0x0000000100000000)
  region size 1024K, 216 young (221184K), 1 survivors (1024K)
 Metaspace       used 75661K, committed 76416K, reserved 1179648K
  class space    used 10345K, committed 10688K, reserved 1048576K
}
Event: 16.161 GC heap after
{Heap after GC invocations=26 (full 0):
 garbage-first heap   total 458752K, used 190976K [0x000000008a400000, 0x0000000100000000)
  region size 1024K, 27 young (27648K), 27 survivors (27648K)
 Metaspace       used 75661K, committed 76416K, reserved 1179648K
  class space    used 10345K, committed 10688K, reserved 1048576K
}
Event: 16.208 GC heap before
{Heap before GC invocations=26 (full 0):
 garbage-first heap   total 458752K, used 224768K [0x000000008a400000, 0x0000000100000000)
  region size 1024K, 61 young (62464K), 27 survivors (27648K)
 Metaspace       used 75661K, committed 76416K, reserved 1179648K
  class space    used 10345K, committed 10688K, reserved 1048576K
}
Event: 16.232 GC heap after
{Heap after GC invocations=27 (full 0):
 garbage-first heap   total 458752K, used 208384K [0x000000008a400000, 0x0000000100000000)
  region size 1024K, 15 young (15360K), 15 survivors (15360K)
 Metaspace       used 75661K, committed 76416K, reserved 1179648K
  class space    used 10345K, committed 10688K, reserved 1048576K
}
Event: 16.423 GC heap before
{Heap before GC invocations=28 (full 0):
 garbage-first heap   total 458752K, used 311808K [0x000000008a400000, 0x0000000100000000)
  region size 1024K, 126 young (129024K), 15 survivors (15360K)
 Metaspace       used 75665K, committed 76416K, reserved 1179648K
  class space    used 10345K, committed 10688K, reserved 1048576K
}
Event: 16.455 GC heap after
{Heap after GC invocations=29 (full 0):
 garbage-first heap   total 458752K, used 233472K [0x000000008a400000, 0x0000000100000000)
  region size 1024K, 16 young (16384K), 16 survivors (16384K)
 Metaspace       used 75665K, committed 76416K, reserved 1179648K
  class space    used 10345K, committed 10688K, reserved 1048576K
}
Event: 16.598 GC heap before
{Heap before GC invocations=29 (full 0):
 garbage-first heap   total 458752K, used 344064K [0x000000008a400000, 0x0000000100000000)
  region size 1024K, 123 young (125952K), 16 survivors (16384K)
 Metaspace       used 75689K, committed 76480K, reserved 1179648K
  class space    used 10345K, committed 10688K, reserved 1048576K
}
Event: 16.617 GC heap after
{Heap after GC invocations=30 (full 0):
 garbage-first heap   total 458752K, used 223744K [0x000000008a400000, 0x0000000100000000)
  region size 1024K, 16 young (16384K), 16 survivors (16384K)
 Metaspace       used 75689K, committed 76480K, reserved 1179648K
  class space    used 10345K, committed 10688K, reserved 1048576K
}
Event: 17.040 GC heap before
{Heap before GC invocations=30 (full 0):
 garbage-first heap   total 458752K, used 346624K [0x000000008a400000, 0x0000000100000000)
  region size 1024K, 136 young (139264K), 16 survivors (16384K)
 Metaspace       used 77921K, committed 78656K, reserved 1179648K
  class space    used 10656K, committed 11008K, reserved 1048576K
}

